{"@timestamp":"2025-12-30T00:00:15.3767112+05:30","@version":"1","message":"Running the evict task with compensationTime 4ms","logger_name":"com.netflix.eureka.registry.AbstractInstanceRegistry","thread_name":"Eureka-EvictionTimer","level":"INFO","level_value":20000}
{"@timestamp":"2025-12-30T00:01:15.3782961+05:30","@version":"1","message":"Running the evict task with compensationTime 1ms","logger_name":"com.netflix.eureka.registry.AbstractInstanceRegistry","thread_name":"Eureka-EvictionTimer","level":"INFO","level_value":20000}
{"@timestamp":"2025-12-30T00:02:15.3919114+05:30","@version":"1","message":"Running the evict task with compensationTime 13ms","logger_name":"com.netflix.eureka.registry.AbstractInstanceRegistry","thread_name":"Eureka-EvictionTimer","level":"INFO","level_value":20000}
{"@timestamp":"2025-12-30T00:03:15.4005731+05:30","@version":"1","message":"Running the evict task with compensationTime 9ms","logger_name":"com.netflix.eureka.registry.AbstractInstanceRegistry","thread_name":"Eureka-EvictionTimer","level":"INFO","level_value":20000}
{"@timestamp":"2025-12-30T00:04:15.4014648+05:30","@version":"1","message":"Running the evict task with compensationTime 0ms","logger_name":"com.netflix.eureka.registry.AbstractInstanceRegistry","thread_name":"Eureka-EvictionTimer","level":"INFO","level_value":20000}
{"@timestamp":"2025-12-30T00:05:15.4058052+05:30","@version":"1","message":"Running the evict task with compensationTime 4ms","logger_name":"com.netflix.eureka.registry.AbstractInstanceRegistry","thread_name":"Eureka-EvictionTimer","level":"INFO","level_value":20000}
{"@timestamp":"2025-12-30T00:06:13.5970659+05:30","@version":"1","message":"The replica size seems to be empty. Check the route 53 DNS Registry","logger_name":"com.netflix.eureka.cluster.PeerEurekaNodes","thread_name":"Eureka-PeerNodesUpdater","level":"WARN","level_value":30000}
{"@timestamp":"2025-12-30T00:06:13.6405945+05:30","@version":"1","message":"Current renewal threshold is : 0","logger_name":"com.netflix.eureka.registry.PeerAwareInstanceRegistryImpl","thread_name":"ReplicaAwareInstanceRegistry - RenewalThresholdUpdater","level":"INFO","level_value":20000}
{"@timestamp":"2025-12-30T00:06:15.4163339+05:30","@version":"1","message":"Running the evict task with compensationTime 10ms","logger_name":"com.netflix.eureka.registry.AbstractInstanceRegistry","thread_name":"Eureka-EvictionTimer","level":"INFO","level_value":20000}
{"@timestamp":"2025-12-30T00:07:15.4168257+05:30","@version":"1","message":"Running the evict task with compensationTime 0ms","logger_name":"com.netflix.eureka.registry.AbstractInstanceRegistry","thread_name":"Eureka-EvictionTimer","level":"INFO","level_value":20000}
{"@timestamp":"2025-12-30T00:08:15.4206096+05:30","@version":"1","message":"Running the evict task with compensationTime 3ms","logger_name":"com.netflix.eureka.registry.AbstractInstanceRegistry","thread_name":"Eureka-EvictionTimer","level":"INFO","level_value":20000}
{"@timestamp":"2025-12-30T00:09:15.429672+05:30","@version":"1","message":"Running the evict task with compensationTime 9ms","logger_name":"com.netflix.eureka.registry.AbstractInstanceRegistry","thread_name":"Eureka-EvictionTimer","level":"INFO","level_value":20000}
{"@timestamp":"2025-12-30T00:10:15.4436487+05:30","@version":"1","message":"Running the evict task with compensationTime 13ms","logger_name":"com.netflix.eureka.registry.AbstractInstanceRegistry","thread_name":"Eureka-EvictionTimer","level":"INFO","level_value":20000}
{"@timestamp":"2025-12-30T00:11:15.4564923+05:30","@version":"1","message":"Running the evict task with compensationTime 12ms","logger_name":"com.netflix.eureka.registry.AbstractInstanceRegistry","thread_name":"Eureka-EvictionTimer","level":"INFO","level_value":20000}
{"@timestamp":"2025-12-30T00:12:15.4588369+05:30","@version":"1","message":"Running the evict task with compensationTime 2ms","logger_name":"com.netflix.eureka.registry.AbstractInstanceRegistry","thread_name":"Eureka-EvictionTimer","level":"INFO","level_value":20000}
{"@timestamp":"2025-12-30T00:13:15.4615917+05:30","@version":"1","message":"Running the evict task with compensationTime 2ms","logger_name":"com.netflix.eureka.registry.AbstractInstanceRegistry","thread_name":"Eureka-EvictionTimer","level":"INFO","level_value":20000}
{"@timestamp":"2025-12-30T00:14:15.4737507+05:30","@version":"1","message":"Running the evict task with compensationTime 12ms","logger_name":"com.netflix.eureka.registry.AbstractInstanceRegistry","thread_name":"Eureka-EvictionTimer","level":"INFO","level_value":20000}
{"@timestamp":"2025-12-30T00:15:15.4751041+05:30","@version":"1","message":"Running the evict task with compensationTime 1ms","logger_name":"com.netflix.eureka.registry.AbstractInstanceRegistry","thread_name":"Eureka-EvictionTimer","level":"INFO","level_value":20000}
{"@timestamp":"2025-12-30T00:16:13.6135584+05:30","@version":"1","message":"The replica size seems to be empty. Check the route 53 DNS Registry","logger_name":"com.netflix.eureka.cluster.PeerEurekaNodes","thread_name":"Eureka-PeerNodesUpdater","level":"WARN","level_value":30000}
{"@timestamp":"2025-12-30T00:16:15.4786526+05:30","@version":"1","message":"Running the evict task with compensationTime 3ms","logger_name":"com.netflix.eureka.registry.AbstractInstanceRegistry","thread_name":"Eureka-EvictionTimer","level":"INFO","level_value":20000}
{"@timestamp":"2025-12-30T00:17:15.4918464+05:30","@version":"1","message":"Running the evict task with compensationTime 13ms","logger_name":"com.netflix.eureka.registry.AbstractInstanceRegistry","thread_name":"Eureka-EvictionTimer","level":"INFO","level_value":20000}
{"@timestamp":"2025-12-30T00:18:15.5006341+05:30","@version":"1","message":"Running the evict task with compensationTime 8ms","logger_name":"com.netflix.eureka.registry.AbstractInstanceRegistry","thread_name":"Eureka-EvictionTimer","level":"INFO","level_value":20000}
{"@timestamp":"2025-12-30T00:19:15.5055053+05:30","@version":"1","message":"Running the evict task with compensationTime 4ms","logger_name":"com.netflix.eureka.registry.AbstractInstanceRegistry","thread_name":"Eureka-EvictionTimer","level":"INFO","level_value":20000}
{"@timestamp":"2025-12-30T00:20:15.5163288+05:30","@version":"1","message":"Running the evict task with compensationTime 11ms","logger_name":"com.netflix.eureka.registry.AbstractInstanceRegistry","thread_name":"Eureka-EvictionTimer","level":"INFO","level_value":20000}
{"@timestamp":"2025-12-30T00:21:13.6472689+05:30","@version":"1","message":"Current renewal threshold is : 0","logger_name":"com.netflix.eureka.registry.PeerAwareInstanceRegistryImpl","thread_name":"ReplicaAwareInstanceRegistry - RenewalThresholdUpdater","level":"INFO","level_value":20000}
{"@timestamp":"2025-12-30T00:21:15.5196261+05:30","@version":"1","message":"Running the evict task with compensationTime 3ms","logger_name":"com.netflix.eureka.registry.AbstractInstanceRegistry","thread_name":"Eureka-EvictionTimer","level":"INFO","level_value":20000}
{"@timestamp":"2025-12-30T00:22:15.5223818+05:30","@version":"1","message":"Running the evict task with compensationTime 2ms","logger_name":"com.netflix.eureka.registry.AbstractInstanceRegistry","thread_name":"Eureka-EvictionTimer","level":"INFO","level_value":20000}
{"@timestamp":"2025-12-30T00:23:15.5503109+05:30","@version":"1","message":"Running the evict task with compensationTime 28ms","logger_name":"com.netflix.eureka.registry.AbstractInstanceRegistry","thread_name":"Eureka-EvictionTimer","level":"INFO","level_value":20000}
{"@timestamp":"2025-12-30T00:24:15.550981+05:30","@version":"1","message":"Running the evict task with compensationTime 0ms","logger_name":"com.netflix.eureka.registry.AbstractInstanceRegistry","thread_name":"Eureka-EvictionTimer","level":"INFO","level_value":20000}
{"@timestamp":"2025-12-30T00:25:15.5518403+05:30","@version":"1","message":"Running the evict task with compensationTime 0ms","logger_name":"com.netflix.eureka.registry.AbstractInstanceRegistry","thread_name":"Eureka-EvictionTimer","level":"INFO","level_value":20000}
{"@timestamp":"2025-12-30T00:26:13.6306896+05:30","@version":"1","message":"The replica size seems to be empty. Check the route 53 DNS Registry","logger_name":"com.netflix.eureka.cluster.PeerEurekaNodes","thread_name":"Eureka-PeerNodesUpdater","level":"WARN","level_value":30000}
{"@timestamp":"2025-12-30T00:26:15.5525666+05:30","@version":"1","message":"Running the evict task with compensationTime 0ms","logger_name":"com.netflix.eureka.registry.AbstractInstanceRegistry","thread_name":"Eureka-EvictionTimer","level":"INFO","level_value":20000}
{"@timestamp":"2025-12-30T00:27:15.5573444+05:30","@version":"1","message":"Running the evict task with compensationTime 4ms","logger_name":"com.netflix.eureka.registry.AbstractInstanceRegistry","thread_name":"Eureka-EvictionTimer","level":"INFO","level_value":20000}
{"@timestamp":"2025-12-30T00:28:15.5645707+05:30","@version":"1","message":"Running the evict task with compensationTime 7ms","logger_name":"com.netflix.eureka.registry.AbstractInstanceRegistry","thread_name":"Eureka-EvictionTimer","level":"INFO","level_value":20000}
{"@timestamp":"2025-12-30T00:29:15.5742783+05:30","@version":"1","message":"Running the evict task with compensationTime 9ms","logger_name":"com.netflix.eureka.registry.AbstractInstanceRegistry","thread_name":"Eureka-EvictionTimer","level":"INFO","level_value":20000}
{"@timestamp":"2025-12-30T00:30:15.5747841+05:30","@version":"1","message":"Running the evict task with compensationTime 0ms","logger_name":"com.netflix.eureka.registry.AbstractInstanceRegistry","thread_name":"Eureka-EvictionTimer","level":"INFO","level_value":20000}
{"@timestamp":"2025-12-30T00:31:15.5749099+05:30","@version":"1","message":"Running the evict task with compensationTime 0ms","logger_name":"com.netflix.eureka.registry.AbstractInstanceRegistry","thread_name":"Eureka-EvictionTimer","level":"INFO","level_value":20000}
{"@timestamp":"2025-12-30T00:32:15.5754734+05:30","@version":"1","message":"Running the evict task with compensationTime 0ms","logger_name":"com.netflix.eureka.registry.AbstractInstanceRegistry","thread_name":"Eureka-EvictionTimer","level":"INFO","level_value":20000}
{"@timestamp":"2025-12-30T00:33:15.5760806+05:30","@version":"1","message":"Running the evict task with compensationTime 0ms","logger_name":"com.netflix.eureka.registry.AbstractInstanceRegistry","thread_name":"Eureka-EvictionTimer","level":"INFO","level_value":20000}
{"@timestamp":"2025-12-30T00:34:15.5763401+05:30","@version":"1","message":"Running the evict task with compensationTime 0ms","logger_name":"com.netflix.eureka.registry.AbstractInstanceRegistry","thread_name":"Eureka-EvictionTimer","level":"INFO","level_value":20000}
{"@timestamp":"2025-12-30T00:35:15.5766556+05:30","@version":"1","message":"Running the evict task with compensationTime 0ms","logger_name":"com.netflix.eureka.registry.AbstractInstanceRegistry","thread_name":"Eureka-EvictionTimer","level":"INFO","level_value":20000}
{"@timestamp":"2025-12-30T00:36:13.6440572+05:30","@version":"1","message":"The replica size seems to be empty. Check the route 53 DNS Registry","logger_name":"com.netflix.eureka.cluster.PeerEurekaNodes","thread_name":"Eureka-PeerNodesUpdater","level":"WARN","level_value":30000}
{"@timestamp":"2025-12-30T00:36:13.6553028+05:30","@version":"1","message":"Current renewal threshold is : 0","logger_name":"com.netflix.eureka.registry.PeerAwareInstanceRegistryImpl","thread_name":"ReplicaAwareInstanceRegistry - RenewalThresholdUpdater","level":"INFO","level_value":20000}
{"@timestamp":"2025-12-30T00:36:15.5776221+05:30","@version":"1","message":"Running the evict task with compensationTime 1ms","logger_name":"com.netflix.eureka.registry.AbstractInstanceRegistry","thread_name":"Eureka-EvictionTimer","level":"INFO","level_value":20000}
{"@timestamp":"2025-12-30T00:37:15.5779357+05:30","@version":"1","message":"Running the evict task with compensationTime 0ms","logger_name":"com.netflix.eureka.registry.AbstractInstanceRegistry","thread_name":"Eureka-EvictionTimer","level":"INFO","level_value":20000}
{"@timestamp":"2025-12-30T00:38:15.593127+05:30","@version":"1","message":"Running the evict task with compensationTime 15ms","logger_name":"com.netflix.eureka.registry.AbstractInstanceRegistry","thread_name":"Eureka-EvictionTimer","level":"INFO","level_value":20000}
{"@timestamp":"2025-12-30T00:39:15.6033468+05:30","@version":"1","message":"Running the evict task with compensationTime 10ms","logger_name":"com.netflix.eureka.registry.AbstractInstanceRegistry","thread_name":"Eureka-EvictionTimer","level":"INFO","level_value":20000}
{"@timestamp":"2025-12-30T00:40:15.6161836+05:30","@version":"1","message":"Running the evict task with compensationTime 12ms","logger_name":"com.netflix.eureka.registry.AbstractInstanceRegistry","thread_name":"Eureka-EvictionTimer","level":"INFO","level_value":20000}
{"@timestamp":"2025-12-30T00:41:15.6241199+05:30","@version":"1","message":"Running the evict task with compensationTime 7ms","logger_name":"com.netflix.eureka.registry.AbstractInstanceRegistry","thread_name":"Eureka-EvictionTimer","level":"INFO","level_value":20000}
{"@timestamp":"2025-12-30T00:42:15.637663+05:30","@version":"1","message":"Running the evict task with compensationTime 13ms","logger_name":"com.netflix.eureka.registry.AbstractInstanceRegistry","thread_name":"Eureka-EvictionTimer","level":"INFO","level_value":20000}
{"@timestamp":"2025-12-30T00:43:15.6412383+05:30","@version":"1","message":"Running the evict task with compensationTime 3ms","logger_name":"com.netflix.eureka.registry.AbstractInstanceRegistry","thread_name":"Eureka-EvictionTimer","level":"INFO","level_value":20000}
{"@timestamp":"2025-12-30T00:44:15.6422568+05:30","@version":"1","message":"Running the evict task with compensationTime 0ms","logger_name":"com.netflix.eureka.registry.AbstractInstanceRegistry","thread_name":"Eureka-EvictionTimer","level":"INFO","level_value":20000}
{"@timestamp":"2025-12-30T00:45:15.6427087+05:30","@version":"1","message":"Running the evict task with compensationTime 0ms","logger_name":"com.netflix.eureka.registry.AbstractInstanceRegistry","thread_name":"Eureka-EvictionTimer","level":"INFO","level_value":20000}
{"@timestamp":"2025-12-30T00:46:13.6505946+05:30","@version":"1","message":"The replica size seems to be empty. Check the route 53 DNS Registry","logger_name":"com.netflix.eureka.cluster.PeerEurekaNodes","thread_name":"Eureka-PeerNodesUpdater","level":"WARN","level_value":30000}
{"@timestamp":"2025-12-30T00:46:15.6436396+05:30","@version":"1","message":"Running the evict task with compensationTime 1ms","logger_name":"com.netflix.eureka.registry.AbstractInstanceRegistry","thread_name":"Eureka-EvictionTimer","level":"INFO","level_value":20000}
{"@timestamp":"2025-12-30T00:47:15.6578729+05:30","@version":"1","message":"Running the evict task with compensationTime 14ms","logger_name":"com.netflix.eureka.registry.AbstractInstanceRegistry","thread_name":"Eureka-EvictionTimer","level":"INFO","level_value":20000}
{"@timestamp":"2025-12-30T00:48:16.1099943+05:30","@version":"1","message":"Running the evict task with compensationTime 452ms","logger_name":"com.netflix.eureka.registry.AbstractInstanceRegistry","thread_name":"Eureka-EvictionTimer","level":"INFO","level_value":20000}
{"@timestamp":"2025-12-30T00:49:16.1160833+05:30","@version":"1","message":"Running the evict task with compensationTime 5ms","logger_name":"com.netflix.eureka.registry.AbstractInstanceRegistry","thread_name":"Eureka-EvictionTimer","level":"INFO","level_value":20000}
{"@timestamp":"2025-12-30T00:50:16.1178422+05:30","@version":"1","message":"Running the evict task with compensationTime 0ms","logger_name":"com.netflix.eureka.registry.AbstractInstanceRegistry","thread_name":"Eureka-EvictionTimer","level":"INFO","level_value":20000}
{"@timestamp":"2025-12-30T00:51:13.6614184+05:30","@version":"1","message":"Current renewal threshold is : 0","logger_name":"com.netflix.eureka.registry.PeerAwareInstanceRegistryImpl","thread_name":"ReplicaAwareInstanceRegistry - RenewalThresholdUpdater","level":"INFO","level_value":20000}
{"@timestamp":"2025-12-30T00:51:16.910543+05:30","@version":"1","message":"Running the evict task with compensationTime 793ms","logger_name":"com.netflix.eureka.registry.AbstractInstanceRegistry","thread_name":"Eureka-EvictionTimer","level":"INFO","level_value":20000}
{"@timestamp":"2025-12-30T00:51:55.1258506+05:30","@version":"1","message":"Registered instance PATIENT-SERVICE/Patient-Service:329ff787-7eca-4d8c-8a2b-67304d47366a with status DOWN (replication=false)","logger_name":"com.netflix.eureka.registry.AbstractInstanceRegistry","thread_name":"http-nio-8761-exec-9","level":"INFO","level_value":20000}
{"@timestamp":"2025-12-30T00:51:58.7742822+05:30","@version":"1","message":"Cancelled instance PATIENT-SERVICE/Patient-Service:329ff787-7eca-4d8c-8a2b-67304d47366a (replication=false)","logger_name":"com.netflix.eureka.registry.AbstractInstanceRegistry","thread_name":"http-nio-8761-exec-4","level":"INFO","level_value":20000}
{"@timestamp":"2025-12-30T00:52:16.9096391+05:30","@version":"1","message":"Running the evict task with compensationTime 0ms","logger_name":"com.netflix.eureka.registry.AbstractInstanceRegistry","thread_name":"Eureka-EvictionTimer","level":"INFO","level_value":20000}
{"@timestamp":"2025-12-30T00:53:11.8031861+05:30","@version":"1","message":"Registered instance PATIENT-SERVICE/Patient-Service:b49a9b7d-2122-491e-8cf6-f87c7f9441af with status UP (replication=false)","logger_name":"com.netflix.eureka.registry.AbstractInstanceRegistry","thread_name":"http-nio-8761-exec-9","level":"INFO","level_value":20000}
{"@timestamp":"2025-12-30T00:53:16.9097693+05:30","@version":"1","message":"Running the evict task with compensationTime 0ms","logger_name":"com.netflix.eureka.registry.AbstractInstanceRegistry","thread_name":"Eureka-EvictionTimer","level":"INFO","level_value":20000}
{"@timestamp":"2025-12-30T00:54:16.9098727+05:30","@version":"1","message":"Running the evict task with compensationTime 0ms","logger_name":"com.netflix.eureka.registry.AbstractInstanceRegistry","thread_name":"Eureka-EvictionTimer","level":"INFO","level_value":20000}
{"@timestamp":"2025-12-30T00:55:16.911015+05:30","@version":"1","message":"Running the evict task with compensationTime 1ms","logger_name":"com.netflix.eureka.registry.AbstractInstanceRegistry","thread_name":"Eureka-EvictionTimer","level":"INFO","level_value":20000}
{"@timestamp":"2025-12-30T00:56:13.677464+05:30","@version":"1","message":"The replica size seems to be empty. Check the route 53 DNS Registry","logger_name":"com.netflix.eureka.cluster.PeerEurekaNodes","thread_name":"Eureka-PeerNodesUpdater","level":"WARN","level_value":30000}
{"@timestamp":"2025-12-30T00:56:16.9112331+05:30","@version":"1","message":"Running the evict task with compensationTime 0ms","logger_name":"com.netflix.eureka.registry.AbstractInstanceRegistry","thread_name":"Eureka-EvictionTimer","level":"INFO","level_value":20000}
{"@timestamp":"2025-12-30T00:57:16.913075+05:30","@version":"1","message":"Running the evict task with compensationTime 1ms","logger_name":"com.netflix.eureka.registry.AbstractInstanceRegistry","thread_name":"Eureka-EvictionTimer","level":"INFO","level_value":20000}
{"@timestamp":"2025-12-30T00:57:24.6012779+05:30","@version":"1","message":"Registered instance APIGATEWAY/DESKTOP-CRHISEN.mshome.net:ApiGateway:3030 with status DOWN (replication=false)","logger_name":"com.netflix.eureka.registry.AbstractInstanceRegistry","thread_name":"http-nio-8761-exec-4","level":"INFO","level_value":20000}
{"@timestamp":"2025-12-30T00:57:28.0848019+05:30","@version":"1","message":"Cancelled instance APIGATEWAY/DESKTOP-CRHISEN.mshome.net:ApiGateway:3030 (replication=false)","logger_name":"com.netflix.eureka.registry.AbstractInstanceRegistry","thread_name":"http-nio-8761-exec-7","level":"INFO","level_value":20000}
{"@timestamp":"2025-12-30T00:57:40.4478849+05:30","@version":"1","message":"Registered instance APIGATEWAY/DESKTOP-CRHISEN.mshome.net:ApiGateway:3030 with status UP (replication=false)","logger_name":"com.netflix.eureka.registry.AbstractInstanceRegistry","thread_name":"http-nio-8761-exec-5","level":"INFO","level_value":20000}
{"@timestamp":"2025-12-30T00:58:16.9139272+05:30","@version":"1","message":"Running the evict task with compensationTime 0ms","logger_name":"com.netflix.eureka.registry.AbstractInstanceRegistry","thread_name":"Eureka-EvictionTimer","level":"INFO","level_value":20000}
{"@timestamp":"2025-12-30T00:59:16.9141304+05:30","@version":"1","message":"Running the evict task with compensationTime 0ms","logger_name":"com.netflix.eureka.registry.AbstractInstanceRegistry","thread_name":"Eureka-EvictionTimer","level":"INFO","level_value":20000}
{"@timestamp":"2025-12-30T01:00:16.9145561+05:30","@version":"1","message":"Running the evict task with compensationTime 0ms","logger_name":"com.netflix.eureka.registry.AbstractInstanceRegistry","thread_name":"Eureka-EvictionTimer","level":"INFO","level_value":20000}
{"@timestamp":"2025-12-30T01:01:16.9147592+05:30","@version":"1","message":"Running the evict task with compensationTime 0ms","logger_name":"com.netflix.eureka.registry.AbstractInstanceRegistry","thread_name":"Eureka-EvictionTimer","level":"INFO","level_value":20000}
{"@timestamp":"2025-12-30T01:02:16.9148812+05:30","@version":"1","message":"Running the evict task with compensationTime 0ms","logger_name":"com.netflix.eureka.registry.AbstractInstanceRegistry","thread_name":"Eureka-EvictionTimer","level":"INFO","level_value":20000}
{"@timestamp":"2025-12-30T01:03:16.9157731+05:30","@version":"1","message":"Running the evict task with compensationTime 0ms","logger_name":"com.netflix.eureka.registry.AbstractInstanceRegistry","thread_name":"Eureka-EvictionTimer","level":"INFO","level_value":20000}
{"@timestamp":"2025-12-30T01:04:16.9157062+05:30","@version":"1","message":"Running the evict task with compensationTime 0ms","logger_name":"com.netflix.eureka.registry.AbstractInstanceRegistry","thread_name":"Eureka-EvictionTimer","level":"INFO","level_value":20000}
{"@timestamp":"2025-12-30T01:05:16.9214514+05:30","@version":"1","message":"Running the evict task with compensationTime 5ms","logger_name":"com.netflix.eureka.registry.AbstractInstanceRegistry","thread_name":"Eureka-EvictionTimer","level":"INFO","level_value":20000}
{"@timestamp":"2025-12-30T01:06:13.6640549+05:30","@version":"1","message":"Current renewal threshold is : 0","logger_name":"com.netflix.eureka.registry.PeerAwareInstanceRegistryImpl","thread_name":"ReplicaAwareInstanceRegistry - RenewalThresholdUpdater","level":"INFO","level_value":20000}
{"@timestamp":"2025-12-30T01:06:13.6833663+05:30","@version":"1","message":"The replica size seems to be empty. Check the route 53 DNS Registry","logger_name":"com.netflix.eureka.cluster.PeerEurekaNodes","thread_name":"Eureka-PeerNodesUpdater","level":"WARN","level_value":30000}
{"@timestamp":"2025-12-30T01:06:16.9256652+05:30","@version":"1","message":"Running the evict task with compensationTime 4ms","logger_name":"com.netflix.eureka.registry.AbstractInstanceRegistry","thread_name":"Eureka-EvictionTimer","level":"INFO","level_value":20000}
{"@timestamp":"2025-12-30T01:07:16.9349978+05:30","@version":"1","message":"Running the evict task with compensationTime 9ms","logger_name":"com.netflix.eureka.registry.AbstractInstanceRegistry","thread_name":"Eureka-EvictionTimer","level":"INFO","level_value":20000}
{"@timestamp":"2025-12-30T01:08:16.9356626+05:30","@version":"1","message":"Running the evict task with compensationTime 0ms","logger_name":"com.netflix.eureka.registry.AbstractInstanceRegistry","thread_name":"Eureka-EvictionTimer","level":"INFO","level_value":20000}
{"@timestamp":"2025-12-30T01:09:16.9421489+05:30","@version":"1","message":"Running the evict task with compensationTime 6ms","logger_name":"com.netflix.eureka.registry.AbstractInstanceRegistry","thread_name":"Eureka-EvictionTimer","level":"INFO","level_value":20000}
{"@timestamp":"2025-12-30T01:10:16.9513938+05:30","@version":"1","message":"Running the evict task with compensationTime 8ms","logger_name":"com.netflix.eureka.registry.AbstractInstanceRegistry","thread_name":"Eureka-EvictionTimer","level":"INFO","level_value":20000}
{"@timestamp":"2025-12-30T01:11:16.9524263+05:30","@version":"1","message":"Running the evict task with compensationTime 1ms","logger_name":"com.netflix.eureka.registry.AbstractInstanceRegistry","thread_name":"Eureka-EvictionTimer","level":"INFO","level_value":20000}
{"@timestamp":"2025-12-30T01:12:16.9649943+05:30","@version":"1","message":"Running the evict task with compensationTime 13ms","logger_name":"com.netflix.eureka.registry.AbstractInstanceRegistry","thread_name":"Eureka-EvictionTimer","level":"INFO","level_value":20000}
{"@timestamp":"2025-12-30T01:13:16.9649931+05:30","@version":"1","message":"Running the evict task with compensationTime 0ms","logger_name":"com.netflix.eureka.registry.AbstractInstanceRegistry","thread_name":"Eureka-EvictionTimer","level":"INFO","level_value":20000}
{"@timestamp":"2025-12-30T01:14:16.979158+05:30","@version":"1","message":"Running the evict task with compensationTime 14ms","logger_name":"com.netflix.eureka.registry.AbstractInstanceRegistry","thread_name":"Eureka-EvictionTimer","level":"INFO","level_value":20000}
{"@timestamp":"2025-12-30T01:15:16.9797958+05:30","@version":"1","message":"Running the evict task with compensationTime 0ms","logger_name":"com.netflix.eureka.registry.AbstractInstanceRegistry","thread_name":"Eureka-EvictionTimer","level":"INFO","level_value":20000}
{"@timestamp":"2025-12-30T01:16:13.699442+05:30","@version":"1","message":"The replica size seems to be empty. Check the route 53 DNS Registry","logger_name":"com.netflix.eureka.cluster.PeerEurekaNodes","thread_name":"Eureka-PeerNodesUpdater","level":"WARN","level_value":30000}
{"@timestamp":"2025-12-30T01:16:16.9941194+05:30","@version":"1","message":"Running the evict task with compensationTime 14ms","logger_name":"com.netflix.eureka.registry.AbstractInstanceRegistry","thread_name":"Eureka-EvictionTimer","level":"INFO","level_value":20000}
{"@timestamp":"2025-12-30T01:17:16.9952153+05:30","@version":"1","message":"Running the evict task with compensationTime 0ms","logger_name":"com.netflix.eureka.registry.AbstractInstanceRegistry","thread_name":"Eureka-EvictionTimer","level":"INFO","level_value":20000}
{"@timestamp":"2025-12-30T01:18:16.9985695+05:30","@version":"1","message":"Running the evict task with compensationTime 3ms","logger_name":"com.netflix.eureka.registry.AbstractInstanceRegistry","thread_name":"Eureka-EvictionTimer","level":"INFO","level_value":20000}
{"@timestamp":"2025-12-30T01:19:16.9989059+05:30","@version":"1","message":"Running the evict task with compensationTime 0ms","logger_name":"com.netflix.eureka.registry.AbstractInstanceRegistry","thread_name":"Eureka-EvictionTimer","level":"INFO","level_value":20000}
{"@timestamp":"2025-12-30T01:20:17.0118389+05:30","@version":"1","message":"Running the evict task with compensationTime 12ms","logger_name":"com.netflix.eureka.registry.AbstractInstanceRegistry","thread_name":"Eureka-EvictionTimer","level":"INFO","level_value":20000}
{"@timestamp":"2025-12-30T01:21:13.6724406+05:30","@version":"1","message":"Current renewal threshold is : 0","logger_name":"com.netflix.eureka.registry.PeerAwareInstanceRegistryImpl","thread_name":"ReplicaAwareInstanceRegistry - RenewalThresholdUpdater","level":"INFO","level_value":20000}
{"@timestamp":"2025-12-30T01:21:17.0173906+05:30","@version":"1","message":"Running the evict task with compensationTime 5ms","logger_name":"com.netflix.eureka.registry.AbstractInstanceRegistry","thread_name":"Eureka-EvictionTimer","level":"INFO","level_value":20000}
{"@timestamp":"2025-12-30T01:22:17.0171271+05:30","@version":"1","message":"Running the evict task with compensationTime 0ms","logger_name":"com.netflix.eureka.registry.AbstractInstanceRegistry","thread_name":"Eureka-EvictionTimer","level":"INFO","level_value":20000}
{"@timestamp":"2025-12-30T01:23:17.0277243+05:30","@version":"1","message":"Running the evict task with compensationTime 10ms","logger_name":"com.netflix.eureka.registry.AbstractInstanceRegistry","thread_name":"Eureka-EvictionTimer","level":"INFO","level_value":20000}
{"@timestamp":"2025-12-30T01:24:17.0335257+05:30","@version":"1","message":"Running the evict task with compensationTime 5ms","logger_name":"com.netflix.eureka.registry.AbstractInstanceRegistry","thread_name":"Eureka-EvictionTimer","level":"INFO","level_value":20000}
{"@timestamp":"2025-12-30T01:25:17.0479599+05:30","@version":"1","message":"Running the evict task with compensationTime 14ms","logger_name":"com.netflix.eureka.registry.AbstractInstanceRegistry","thread_name":"Eureka-EvictionTimer","level":"INFO","level_value":20000}
{"@timestamp":"2025-12-30T01:26:13.7101234+05:30","@version":"1","message":"The replica size seems to be empty. Check the route 53 DNS Registry","logger_name":"com.netflix.eureka.cluster.PeerEurekaNodes","thread_name":"Eureka-PeerNodesUpdater","level":"WARN","level_value":30000}
{"@timestamp":"2025-12-30T01:26:17.0603332+05:30","@version":"1","message":"Running the evict task with compensationTime 12ms","logger_name":"com.netflix.eureka.registry.AbstractInstanceRegistry","thread_name":"Eureka-EvictionTimer","level":"INFO","level_value":20000}
{"@timestamp":"2025-12-30T01:27:17.0622692+05:30","@version":"1","message":"Running the evict task with compensationTime 0ms","logger_name":"com.netflix.eureka.registry.AbstractInstanceRegistry","thread_name":"Eureka-EvictionTimer","level":"INFO","level_value":20000}
{"@timestamp":"2025-12-30T01:28:17.069794+05:30","@version":"1","message":"Running the evict task with compensationTime 9ms","logger_name":"com.netflix.eureka.registry.AbstractInstanceRegistry","thread_name":"Eureka-EvictionTimer","level":"INFO","level_value":20000}
{"@timestamp":"2025-12-30T01:29:17.069823+05:30","@version":"1","message":"Running the evict task with compensationTime 0ms","logger_name":"com.netflix.eureka.registry.AbstractInstanceRegistry","thread_name":"Eureka-EvictionTimer","level":"INFO","level_value":20000}
{"@timestamp":"2025-12-30T01:30:17.2165794+05:30","@version":"1","message":"Running the evict task with compensationTime 87ms","logger_name":"com.netflix.eureka.registry.AbstractInstanceRegistry","thread_name":"Eureka-EvictionTimer","level":"INFO","level_value":20000}
{"@timestamp":"2025-12-30T01:31:17.1574587+05:30","@version":"1","message":"Running the evict task with compensationTime 0ms","logger_name":"com.netflix.eureka.registry.AbstractInstanceRegistry","thread_name":"Eureka-EvictionTimer","level":"INFO","level_value":20000}
{"@timestamp":"2025-12-30T01:32:17.1584325+05:30","@version":"1","message":"Running the evict task with compensationTime 1ms","logger_name":"com.netflix.eureka.registry.AbstractInstanceRegistry","thread_name":"Eureka-EvictionTimer","level":"INFO","level_value":20000}
{"@timestamp":"2025-12-30T01:33:17.1585108+05:30","@version":"1","message":"Running the evict task with compensationTime 0ms","logger_name":"com.netflix.eureka.registry.AbstractInstanceRegistry","thread_name":"Eureka-EvictionTimer","level":"INFO","level_value":20000}
{"@timestamp":"2025-12-30T01:34:17.1589608+05:30","@version":"1","message":"Running the evict task with compensationTime 0ms","logger_name":"com.netflix.eureka.registry.AbstractInstanceRegistry","thread_name":"Eureka-EvictionTimer","level":"INFO","level_value":20000}
{"@timestamp":"2025-12-30T01:35:17.1599671+05:30","@version":"1","message":"Running the evict task with compensationTime 1ms","logger_name":"com.netflix.eureka.registry.AbstractInstanceRegistry","thread_name":"Eureka-EvictionTimer","level":"INFO","level_value":20000}
{"@timestamp":"2025-12-30T01:36:13.6815918+05:30","@version":"1","message":"Current renewal threshold is : 0","logger_name":"com.netflix.eureka.registry.PeerAwareInstanceRegistryImpl","thread_name":"ReplicaAwareInstanceRegistry - RenewalThresholdUpdater","level":"INFO","level_value":20000}
{"@timestamp":"2025-12-30T01:36:13.7140311+05:30","@version":"1","message":"The replica size seems to be empty. Check the route 53 DNS Registry","logger_name":"com.netflix.eureka.cluster.PeerEurekaNodes","thread_name":"Eureka-PeerNodesUpdater","level":"WARN","level_value":30000}
{"@timestamp":"2025-12-30T01:36:17.1768186+05:30","@version":"1","message":"Running the evict task with compensationTime 16ms","logger_name":"com.netflix.eureka.registry.AbstractInstanceRegistry","thread_name":"Eureka-EvictionTimer","level":"INFO","level_value":20000}
{"@timestamp":"2025-12-30T01:37:17.1875998+05:30","@version":"1","message":"Running the evict task with compensationTime 10ms","logger_name":"com.netflix.eureka.registry.AbstractInstanceRegistry","thread_name":"Eureka-EvictionTimer","level":"INFO","level_value":20000}
{"@timestamp":"2025-12-30T01:38:17.2004657+05:30","@version":"1","message":"Running the evict task with compensationTime 12ms","logger_name":"com.netflix.eureka.registry.AbstractInstanceRegistry","thread_name":"Eureka-EvictionTimer","level":"INFO","level_value":20000}
{"@timestamp":"2025-12-30T01:39:17.2006955+05:30","@version":"1","message":"Running the evict task with compensationTime 0ms","logger_name":"com.netflix.eureka.registry.AbstractInstanceRegistry","thread_name":"Eureka-EvictionTimer","level":"INFO","level_value":20000}
{"@timestamp":"2025-12-30T01:40:17.2020066+05:30","@version":"1","message":"Running the evict task with compensationTime 1ms","logger_name":"com.netflix.eureka.registry.AbstractInstanceRegistry","thread_name":"Eureka-EvictionTimer","level":"INFO","level_value":20000}
{"@timestamp":"2025-12-30T01:41:17.2031405+05:30","@version":"1","message":"Running the evict task with compensationTime 1ms","logger_name":"com.netflix.eureka.registry.AbstractInstanceRegistry","thread_name":"Eureka-EvictionTimer","level":"INFO","level_value":20000}
{"@timestamp":"2025-12-30T01:42:17.2170707+05:30","@version":"1","message":"Running the evict task with compensationTime 13ms","logger_name":"com.netflix.eureka.registry.AbstractInstanceRegistry","thread_name":"Eureka-EvictionTimer","level":"INFO","level_value":20000}
{"@timestamp":"2025-12-30T01:43:17.2175471+05:30","@version":"1","message":"Running the evict task with compensationTime 0ms","logger_name":"com.netflix.eureka.registry.AbstractInstanceRegistry","thread_name":"Eureka-EvictionTimer","level":"INFO","level_value":20000}
{"@timestamp":"2025-12-30T01:44:17.2179092+05:30","@version":"1","message":"Running the evict task with compensationTime 0ms","logger_name":"com.netflix.eureka.registry.AbstractInstanceRegistry","thread_name":"Eureka-EvictionTimer","level":"INFO","level_value":20000}
{"@timestamp":"2025-12-30T01:45:17.2186178+05:30","@version":"1","message":"Running the evict task with compensationTime 0ms","logger_name":"com.netflix.eureka.registry.AbstractInstanceRegistry","thread_name":"Eureka-EvictionTimer","level":"INFO","level_value":20000}
{"@timestamp":"2025-12-30T01:46:13.7323678+05:30","@version":"1","message":"The replica size seems to be empty. Check the route 53 DNS Registry","logger_name":"com.netflix.eureka.cluster.PeerEurekaNodes","thread_name":"Eureka-PeerNodesUpdater","level":"WARN","level_value":30000}
{"@timestamp":"2025-12-30T01:46:17.2242724+05:30","@version":"1","message":"Running the evict task with compensationTime 5ms","logger_name":"com.netflix.eureka.registry.AbstractInstanceRegistry","thread_name":"Eureka-EvictionTimer","level":"INFO","level_value":20000}
{"@timestamp":"2025-12-30T01:47:17.2249349+05:30","@version":"1","message":"Running the evict task with compensationTime 0ms","logger_name":"com.netflix.eureka.registry.AbstractInstanceRegistry","thread_name":"Eureka-EvictionTimer","level":"INFO","level_value":20000}
{"@timestamp":"2025-12-30T01:48:17.2264625+05:30","@version":"1","message":"Running the evict task with compensationTime 1ms","logger_name":"com.netflix.eureka.registry.AbstractInstanceRegistry","thread_name":"Eureka-EvictionTimer","level":"INFO","level_value":20000}
{"@timestamp":"2025-12-30T01:49:17.2258572+05:30","@version":"1","message":"Running the evict task with compensationTime 0ms","logger_name":"com.netflix.eureka.registry.AbstractInstanceRegistry","thread_name":"Eureka-EvictionTimer","level":"INFO","level_value":20000}
{"@timestamp":"2025-12-30T01:50:17.2268559+05:30","@version":"1","message":"Running the evict task with compensationTime 1ms","logger_name":"com.netflix.eureka.registry.AbstractInstanceRegistry","thread_name":"Eureka-EvictionTimer","level":"INFO","level_value":20000}
{"@timestamp":"2025-12-30T01:51:13.6753756+05:30","@version":"1","message":"Current renewal threshold is : 0","logger_name":"com.netflix.eureka.registry.PeerAwareInstanceRegistryImpl","thread_name":"ReplicaAwareInstanceRegistry - RenewalThresholdUpdater","level":"INFO","level_value":20000}
{"@timestamp":"2025-12-30T01:51:17.2269576+05:30","@version":"1","message":"Running the evict task with compensationTime 0ms","logger_name":"com.netflix.eureka.registry.AbstractInstanceRegistry","thread_name":"Eureka-EvictionTimer","level":"INFO","level_value":20000}
{"@timestamp":"2025-12-30T01:52:17.2364757+05:30","@version":"1","message":"Running the evict task with compensationTime 8ms","logger_name":"com.netflix.eureka.registry.AbstractInstanceRegistry","thread_name":"Eureka-EvictionTimer","level":"INFO","level_value":20000}
{"@timestamp":"2025-12-30T01:53:17.2345288+05:30","@version":"1","message":"Running the evict task with compensationTime 0ms","logger_name":"com.netflix.eureka.registry.AbstractInstanceRegistry","thread_name":"Eureka-EvictionTimer","level":"INFO","level_value":20000}
{"@timestamp":"2025-12-30T01:54:17.2491545+05:30","@version":"1","message":"Running the evict task with compensationTime 14ms","logger_name":"com.netflix.eureka.registry.AbstractInstanceRegistry","thread_name":"Eureka-EvictionTimer","level":"INFO","level_value":20000}
{"@timestamp":"2025-12-30T01:55:17.2635203+05:30","@version":"1","message":"Running the evict task with compensationTime 14ms","logger_name":"com.netflix.eureka.registry.AbstractInstanceRegistry","thread_name":"Eureka-EvictionTimer","level":"INFO","level_value":20000}
{"@timestamp":"2025-12-30T01:56:13.810847+05:30","@version":"1","message":"The replica size seems to be empty. Check the route 53 DNS Registry","logger_name":"com.netflix.eureka.cluster.PeerEurekaNodes","thread_name":"Eureka-PeerNodesUpdater","level":"WARN","level_value":30000}
{"@timestamp":"2025-12-30T01:56:17.9143729+05:30","@version":"1","message":"Running the evict task with compensationTime 650ms","logger_name":"com.netflix.eureka.registry.AbstractInstanceRegistry","thread_name":"Eureka-EvictionTimer","level":"INFO","level_value":20000}
{"@timestamp":"2025-12-30T01:57:17.9143524+05:30","@version":"1","message":"Running the evict task with compensationTime 0ms","logger_name":"com.netflix.eureka.registry.AbstractInstanceRegistry","thread_name":"Eureka-EvictionTimer","level":"INFO","level_value":20000}
{"@timestamp":"2025-12-30T01:57:49.8349367+05:30","@version":"1","message":"Registered instance PATIENT-SERVICE/Patient-Service:b49a9b7d-2122-491e-8cf6-f87c7f9441af with status DOWN (replication=false)","logger_name":"com.netflix.eureka.registry.AbstractInstanceRegistry","thread_name":"http-nio-8761-exec-7","level":"INFO","level_value":20000}
{"@timestamp":"2025-12-30T01:57:53.9278616+05:30","@version":"1","message":"Cancelled instance PATIENT-SERVICE/Patient-Service:b49a9b7d-2122-491e-8cf6-f87c7f9441af (replication=false)","logger_name":"com.netflix.eureka.registry.AbstractInstanceRegistry","thread_name":"http-nio-8761-exec-5","level":"INFO","level_value":20000}
{"@timestamp":"2025-12-30T01:58:17.5960673+05:30","@version":"1","message":"Registered instance PATIENT-SERVICE/Patient-Service:8909edc7-e4ff-4550-a1ef-937dec83bfef with status UP (replication=false)","logger_name":"com.netflix.eureka.registry.AbstractInstanceRegistry","thread_name":"http-nio-8761-exec-1","level":"INFO","level_value":20000}
{"@timestamp":"2025-12-30T01:58:17.9208133+05:30","@version":"1","message":"Running the evict task with compensationTime 6ms","logger_name":"com.netflix.eureka.registry.AbstractInstanceRegistry","thread_name":"Eureka-EvictionTimer","level":"INFO","level_value":20000}
{"@timestamp":"2025-12-30T01:59:17.921008+05:30","@version":"1","message":"Running the evict task with compensationTime 0ms","logger_name":"com.netflix.eureka.registry.AbstractInstanceRegistry","thread_name":"Eureka-EvictionTimer","level":"INFO","level_value":20000}
{"@timestamp":"2025-12-30T02:00:17.9303432+05:30","@version":"1","message":"Running the evict task with compensationTime 9ms","logger_name":"com.netflix.eureka.registry.AbstractInstanceRegistry","thread_name":"Eureka-EvictionTimer","level":"INFO","level_value":20000}
{"@timestamp":"2025-12-30T02:01:17.9930748+05:30","@version":"1","message":"Running the evict task with compensationTime 25ms","logger_name":"com.netflix.eureka.registry.AbstractInstanceRegistry","thread_name":"Eureka-EvictionTimer","level":"INFO","level_value":20000}
{"@timestamp":"2025-12-30T02:02:17.9562346+05:30","@version":"1","message":"Running the evict task with compensationTime 0ms","logger_name":"com.netflix.eureka.registry.AbstractInstanceRegistry","thread_name":"Eureka-EvictionTimer","level":"INFO","level_value":20000}
{"@timestamp":"2025-12-30T02:03:17.960471+05:30","@version":"1","message":"Running the evict task with compensationTime 4ms","logger_name":"com.netflix.eureka.registry.AbstractInstanceRegistry","thread_name":"Eureka-EvictionTimer","level":"INFO","level_value":20000}
{"@timestamp":"2025-12-30T02:04:17.9659148+05:30","@version":"1","message":"Running the evict task with compensationTime 5ms","logger_name":"com.netflix.eureka.registry.AbstractInstanceRegistry","thread_name":"Eureka-EvictionTimer","level":"INFO","level_value":20000}
{"@timestamp":"2025-12-30T02:05:17.9658671+05:30","@version":"1","message":"Running the evict task with compensationTime 0ms","logger_name":"com.netflix.eureka.registry.AbstractInstanceRegistry","thread_name":"Eureka-EvictionTimer","level":"INFO","level_value":20000}
{"@timestamp":"2025-12-30T02:06:13.6964363+05:30","@version":"1","message":"Current renewal threshold is : 0","logger_name":"com.netflix.eureka.registry.PeerAwareInstanceRegistryImpl","thread_name":"ReplicaAwareInstanceRegistry - RenewalThresholdUpdater","level":"INFO","level_value":20000}
{"@timestamp":"2025-12-30T02:06:13.9531748+05:30","@version":"1","message":"The replica size seems to be empty. Check the route 53 DNS Registry","logger_name":"com.netflix.eureka.cluster.PeerEurekaNodes","thread_name":"Eureka-PeerNodesUpdater","level":"WARN","level_value":30000}
{"@timestamp":"2025-12-30T02:06:17.9657183+05:30","@version":"1","message":"Running the evict task with compensationTime 0ms","logger_name":"com.netflix.eureka.registry.AbstractInstanceRegistry","thread_name":"Eureka-EvictionTimer","level":"INFO","level_value":20000}
{"@timestamp":"2025-12-30T02:07:17.9743371+05:30","@version":"1","message":"Running the evict task with compensationTime 8ms","logger_name":"com.netflix.eureka.registry.AbstractInstanceRegistry","thread_name":"Eureka-EvictionTimer","level":"INFO","level_value":20000}
{"@timestamp":"2025-12-30T02:08:17.9746556+05:30","@version":"1","message":"Running the evict task with compensationTime 0ms","logger_name":"com.netflix.eureka.registry.AbstractInstanceRegistry","thread_name":"Eureka-EvictionTimer","level":"INFO","level_value":20000}
{"@timestamp":"2025-12-30T06:08:58.4938631+05:30","@version":"1","message":"Running the evict task with compensationTime 14380518ms","logger_name":"com.netflix.eureka.registry.AbstractInstanceRegistry","thread_name":"Eureka-EvictionTimer","level":"INFO","level_value":20000}
{"@timestamp":"2025-12-30T21:06:34.1972537+05:30","@version":"1","message":"Running the evict task with compensationTime 53800568ms","logger_name":"com.netflix.eureka.registry.AbstractInstanceRegistry","thread_name":"Eureka-EvictionTimer","level":"INFO","level_value":20000}
{"@timestamp":"2025-12-30T21:07:34.2067248+05:30","@version":"1","message":"Running the evict task with compensationTime 19ms","logger_name":"com.netflix.eureka.registry.AbstractInstanceRegistry","thread_name":"Eureka-EvictionTimer","level":"INFO","level_value":20000}
{"@timestamp":"2025-12-30T21:08:34.2092495+05:30","@version":"1","message":"Running the evict task with compensationTime 3ms","logger_name":"com.netflix.eureka.registry.AbstractInstanceRegistry","thread_name":"Eureka-EvictionTimer","level":"INFO","level_value":20000}
{"@timestamp":"2025-12-30T21:09:34.2224918+05:30","@version":"1","message":"Running the evict task with compensationTime 13ms","logger_name":"com.netflix.eureka.registry.AbstractInstanceRegistry","thread_name":"Eureka-EvictionTimer","level":"INFO","level_value":20000}
{"@timestamp":"2025-12-30T21:10:34.2275675+05:30","@version":"1","message":"Running the evict task with compensationTime 5ms","logger_name":"com.netflix.eureka.registry.AbstractInstanceRegistry","thread_name":"Eureka-EvictionTimer","level":"INFO","level_value":20000}
{"@timestamp":"2025-12-30T21:11:34.2303851+05:30","@version":"1","message":"Running the evict task with compensationTime 2ms","logger_name":"com.netflix.eureka.registry.AbstractInstanceRegistry","thread_name":"Eureka-EvictionTimer","level":"INFO","level_value":20000}
{"@timestamp":"2025-12-30T21:12:30.1706528+05:30","@version":"1","message":"The replica size seems to be empty. Check the route 53 DNS Registry","logger_name":"com.netflix.eureka.cluster.PeerEurekaNodes","thread_name":"Eureka-PeerNodesUpdater","level":"WARN","level_value":30000}
{"@timestamp":"2025-12-30T21:12:34.2432719+05:30","@version":"1","message":"Running the evict task with compensationTime 12ms","logger_name":"com.netflix.eureka.registry.AbstractInstanceRegistry","thread_name":"Eureka-EvictionTimer","level":"INFO","level_value":20000}
{"@timestamp":"2025-12-30T21:13:34.2487846+05:30","@version":"1","message":"Running the evict task with compensationTime 4ms","logger_name":"com.netflix.eureka.registry.AbstractInstanceRegistry","thread_name":"Eureka-EvictionTimer","level":"INFO","level_value":20000}
{"@timestamp":"2025-12-30T21:14:34.2486378+05:30","@version":"1","message":"Running the evict task with compensationTime 0ms","logger_name":"com.netflix.eureka.registry.AbstractInstanceRegistry","thread_name":"Eureka-EvictionTimer","level":"INFO","level_value":20000}
{"@timestamp":"2025-12-30T21:15:34.2609546+05:30","@version":"1","message":"Running the evict task with compensationTime 12ms","logger_name":"com.netflix.eureka.registry.AbstractInstanceRegistry","thread_name":"Eureka-EvictionTimer","level":"INFO","level_value":20000}
{"@timestamp":"2025-12-30T21:16:34.2680278+05:30","@version":"1","message":"Running the evict task with compensationTime 7ms","logger_name":"com.netflix.eureka.registry.AbstractInstanceRegistry","thread_name":"Eureka-EvictionTimer","level":"INFO","level_value":20000}
{"@timestamp":"2025-12-30T21:17:29.8841264+05:30","@version":"1","message":"Current renewal threshold is : 0","logger_name":"com.netflix.eureka.registry.PeerAwareInstanceRegistryImpl","thread_name":"ReplicaAwareInstanceRegistry - RenewalThresholdUpdater","level":"INFO","level_value":20000}
{"@timestamp":"2025-12-30T21:17:34.2778769+05:30","@version":"1","message":"Running the evict task with compensationTime 9ms","logger_name":"com.netflix.eureka.registry.AbstractInstanceRegistry","thread_name":"Eureka-EvictionTimer","level":"INFO","level_value":20000}
{"@timestamp":"2025-12-30T21:25:37.7655573+05:30","@version":"1","message":"Running the evict task with compensationTime 423488ms","logger_name":"com.netflix.eureka.registry.AbstractInstanceRegistry","thread_name":"Eureka-EvictionTimer","level":"INFO","level_value":20000}
{"@timestamp":"2025-12-30T21:26:37.7758385+05:30","@version":"1","message":"Running the evict task with compensationTime 9ms","logger_name":"com.netflix.eureka.registry.AbstractInstanceRegistry","thread_name":"Eureka-EvictionTimer","level":"INFO","level_value":20000}
{"@timestamp":"2025-12-30T21:27:37.7903064+05:30","@version":"1","message":"Running the evict task with compensationTime 14ms","logger_name":"com.netflix.eureka.registry.AbstractInstanceRegistry","thread_name":"Eureka-EvictionTimer","level":"INFO","level_value":20000}
{"@timestamp":"2025-12-30T21:28:37.7896902+05:30","@version":"1","message":"Running the evict task with compensationTime 0ms","logger_name":"com.netflix.eureka.registry.AbstractInstanceRegistry","thread_name":"Eureka-EvictionTimer","level":"INFO","level_value":20000}
{"@timestamp":"2025-12-30T21:29:33.655267+05:30","@version":"1","message":"The replica size seems to be empty. Check the route 53 DNS Registry","logger_name":"com.netflix.eureka.cluster.PeerEurekaNodes","thread_name":"Eureka-PeerNodesUpdater","level":"WARN","level_value":30000}
{"@timestamp":"2025-12-30T21:29:37.7901421+05:30","@version":"1","message":"Running the evict task with compensationTime 0ms","logger_name":"com.netflix.eureka.registry.AbstractInstanceRegistry","thread_name":"Eureka-EvictionTimer","level":"INFO","level_value":20000}
{"@timestamp":"2025-12-30T21:30:37.7905257+05:30","@version":"1","message":"Running the evict task with compensationTime 0ms","logger_name":"com.netflix.eureka.registry.AbstractInstanceRegistry","thread_name":"Eureka-EvictionTimer","level":"INFO","level_value":20000}
{"@timestamp":"2025-12-30T21:31:37.7926203+05:30","@version":"1","message":"Running the evict task with compensationTime 1ms","logger_name":"com.netflix.eureka.registry.AbstractInstanceRegistry","thread_name":"Eureka-EvictionTimer","level":"INFO","level_value":20000}
{"@timestamp":"2025-12-30T21:32:37.8078378+05:30","@version":"1","message":"Running the evict task with compensationTime 15ms","logger_name":"com.netflix.eureka.registry.AbstractInstanceRegistry","thread_name":"Eureka-EvictionTimer","level":"INFO","level_value":20000}
{"@timestamp":"2025-12-30T21:33:37.8123172+05:30","@version":"1","message":"Running the evict task with compensationTime 4ms","logger_name":"com.netflix.eureka.registry.AbstractInstanceRegistry","thread_name":"Eureka-EvictionTimer","level":"INFO","level_value":20000}
{"@timestamp":"2025-12-30T21:34:37.8125644+05:30","@version":"1","message":"Running the evict task with compensationTime 0ms","logger_name":"com.netflix.eureka.registry.AbstractInstanceRegistry","thread_name":"Eureka-EvictionTimer","level":"INFO","level_value":20000}
{"@timestamp":"2025-12-30T21:35:37.8128322+05:30","@version":"1","message":"Running the evict task with compensationTime 0ms","logger_name":"com.netflix.eureka.registry.AbstractInstanceRegistry","thread_name":"Eureka-EvictionTimer","level":"INFO","level_value":20000}
{"@timestamp":"2025-12-30T21:36:37.8393926+05:30","@version":"1","message":"Running the evict task with compensationTime 26ms","logger_name":"com.netflix.eureka.registry.AbstractInstanceRegistry","thread_name":"Eureka-EvictionTimer","level":"INFO","level_value":20000}
{"@timestamp":"2025-12-30T21:37:37.8423472+05:30","@version":"1","message":"Running the evict task with compensationTime 1ms","logger_name":"com.netflix.eureka.registry.AbstractInstanceRegistry","thread_name":"Eureka-EvictionTimer","level":"INFO","level_value":20000}
{"@timestamp":"2025-12-30T21:38:37.8533869+05:30","@version":"1","message":"Running the evict task with compensationTime 12ms","logger_name":"com.netflix.eureka.registry.AbstractInstanceRegistry","thread_name":"Eureka-EvictionTimer","level":"INFO","level_value":20000}
{"@timestamp":"2025-12-30T21:39:33.3577638+05:30","@version":"1","message":"Current renewal threshold is : 0","logger_name":"com.netflix.eureka.registry.PeerAwareInstanceRegistryImpl","thread_name":"ReplicaAwareInstanceRegistry - RenewalThresholdUpdater","level":"INFO","level_value":20000}
{"@timestamp":"2025-12-30T21:39:33.6672382+05:30","@version":"1","message":"The replica size seems to be empty. Check the route 53 DNS Registry","logger_name":"com.netflix.eureka.cluster.PeerEurekaNodes","thread_name":"Eureka-PeerNodesUpdater","level":"WARN","level_value":30000}
{"@timestamp":"2025-12-30T21:39:37.8567712+05:30","@version":"1","message":"Running the evict task with compensationTime 3ms","logger_name":"com.netflix.eureka.registry.AbstractInstanceRegistry","thread_name":"Eureka-EvictionTimer","level":"INFO","level_value":20000}
{"@timestamp":"2025-12-30T21:40:37.8700617+05:30","@version":"1","message":"Running the evict task with compensationTime 13ms","logger_name":"com.netflix.eureka.registry.AbstractInstanceRegistry","thread_name":"Eureka-EvictionTimer","level":"INFO","level_value":20000}
