{"@timestamp":"2025-12-28T16:23:02.5931714+05:30","@version":"1","message":"Starting ServiceRegistryApplication using Java 23.0.2 with PID 22456 (D:\\practo\\Micro-Multi-Project\\ServiceRegistry\\target\\classes started by Ashutosh in D:\\practo\\Micro-Multi-Project)","logger_name":"com.service_registry.ServiceRegistryApplication","thread_name":"restartedMain","level":"INFO","level_value":20000}
{"@timestamp":"2025-12-28T16:23:02.8434831+05:30","@version":"1","message":"No active profile set, falling back to 1 default profile: \"default\"","logger_name":"com.service_registry.ServiceRegistryApplication","thread_name":"restartedMain","level":"INFO","level_value":20000}
{"@timestamp":"2025-12-28T16:23:03.2550286+05:30","@version":"1","message":"Devtools property defaults active! Set 'spring.devtools.add-properties' to 'false' to disable","logger_name":"org.springframework.boot.devtools.env.DevToolsPropertyDefaultsPostProcessor","thread_name":"restartedMain","level":"INFO","level_value":20000}
{"@timestamp":"2025-12-28T16:23:03.256037+05:30","@version":"1","message":"For additional web related logging consider setting the 'logging.level.web' property to 'DEBUG'","logger_name":"org.springframework.boot.devtools.env.DevToolsPropertyDefaultsPostProcessor","thread_name":"restartedMain","level":"INFO","level_value":20000}
{"@timestamp":"2025-12-28T16:23:10.4466164+05:30","@version":"1","message":"BeanFactory id=ab99ed09-d273-3831-bbd6-650bea4e8f72","logger_name":"org.springframework.cloud.context.scope.GenericScope","thread_name":"restartedMain","level":"INFO","level_value":20000}
{"@timestamp":"2025-12-28T16:23:12.7465292+05:30","@version":"1","message":"Tomcat initialized with port 8761 (http)","logger_name":"org.springframework.boot.web.embedded.tomcat.TomcatWebServer","thread_name":"restartedMain","level":"INFO","level_value":20000}
{"@timestamp":"2025-12-28T16:23:12.7911944+05:30","@version":"1","message":"Initializing ProtocolHandler [\"http-nio-8761\"]","logger_name":"org.apache.coyote.http11.Http11NioProtocol","thread_name":"restartedMain","level":"INFO","level_value":20000}
{"@timestamp":"2025-12-28T16:23:12.7960713+05:30","@version":"1","message":"Starting service [Tomcat]","logger_name":"org.apache.catalina.core.StandardService","thread_name":"restartedMain","level":"INFO","level_value":20000}
{"@timestamp":"2025-12-28T16:23:12.7983122+05:30","@version":"1","message":"Starting Servlet engine: [Apache Tomcat/10.1.36]","logger_name":"org.apache.catalina.core.StandardEngine","thread_name":"restartedMain","level":"INFO","level_value":20000}
{"@timestamp":"2025-12-28T16:23:13.1810444+05:30","@version":"1","message":"Initializing Spring embedded WebApplicationContext","logger_name":"org.apache.catalina.core.ContainerBase.[Tomcat].[localhost].[/]","thread_name":"restartedMain","level":"INFO","level_value":20000}
{"@timestamp":"2025-12-28T16:23:13.1847521+05:30","@version":"1","message":"Root WebApplicationContext: initialization completed in 9924 ms","logger_name":"org.springframework.boot.web.servlet.context.ServletWebServerApplicationContext","thread_name":"restartedMain","level":"INFO","level_value":20000}
{"@timestamp":"2025-12-28T16:23:21.4168519+05:30","@version":"1","message":"Using JSON encoding codec LegacyJacksonJson","logger_name":"com.netflix.discovery.provider.DiscoveryJerseyProvider","thread_name":"restartedMain","level":"INFO","level_value":20000}
{"@timestamp":"2025-12-28T16:23:21.428029+05:30","@version":"1","message":"Using JSON decoding codec LegacyJacksonJson","logger_name":"com.netflix.discovery.provider.DiscoveryJerseyProvider","thread_name":"restartedMain","level":"INFO","level_value":20000}
{"@timestamp":"2025-12-28T16:23:23.767097+05:30","@version":"1","message":"Using XML encoding codec XStreamXml","logger_name":"com.netflix.discovery.provider.DiscoveryJerseyProvider","thread_name":"restartedMain","level":"INFO","level_value":20000}
{"@timestamp":"2025-12-28T16:23:23.7681171+05:30","@version":"1","message":"Using XML decoding codec XStreamXml","logger_name":"com.netflix.discovery.provider.DiscoveryJerseyProvider","thread_name":"restartedMain","level":"INFO","level_value":20000}
{"@timestamp":"2025-12-28T16:23:27.2522353+05:30","@version":"1","message":"Failed to set up a Bean Validation provider: jakarta.validation.NoProviderFoundException: Unable to create a Configuration, because no Jakarta Bean Validation provider could be found. Add a provider like Hibernate Validator (RI) to your classpath.","logger_name":"org.springframework.validation.beanvalidation.OptionalValidatorFactoryBean","thread_name":"restartedMain","level":"INFO","level_value":20000}
{"@timestamp":"2025-12-28T16:23:33.5512621+05:30","@version":"1","message":"LiveReload server is running on port 35729","logger_name":"org.springframework.boot.devtools.autoconfigure.OptionalLiveReloadServer","thread_name":"restartedMain","level":"INFO","level_value":20000}
{"@timestamp":"2025-12-28T16:23:33.8848743+05:30","@version":"1","message":"Spring Cloud LoadBalancer is currently working with the default cache. While this cache implementation is useful for development and tests, it's recommended to use Caffeine cache in production.You can switch to using Caffeine cache, by adding it and org.springframework.cache.caffeine.CaffeineCacheManager to the classpath.","logger_name":"org.springframework.cloud.loadbalancer.config.LoadBalancerCacheAutoConfiguration$LoadBalancerCaffeineWarnLogger","thread_name":"restartedMain","level":"WARN","level_value":30000}
{"@timestamp":"2025-12-28T16:23:33.963365+05:30","@version":"1","message":"Setting initial instance status as: STARTING","logger_name":"org.springframework.cloud.netflix.eureka.InstanceInfoFactory","thread_name":"restartedMain","level":"INFO","level_value":20000}
{"@timestamp":"2025-12-28T16:23:34.1619738+05:30","@version":"1","message":"Initializing Eureka in region us-east-1","logger_name":"com.netflix.discovery.DiscoveryClient","thread_name":"restartedMain","level":"INFO","level_value":20000}
{"@timestamp":"2025-12-28T16:23:34.1629663+05:30","@version":"1","message":"Client configured to neither register nor query for data.","logger_name":"com.netflix.discovery.DiscoveryClient","thread_name":"restartedMain","level":"INFO","level_value":20000}
{"@timestamp":"2025-12-28T16:23:34.175759+05:30","@version":"1","message":"Discovery Client initialized at timestamp 1766919214167 with initial instances count: 0","logger_name":"com.netflix.discovery.DiscoveryClient","thread_name":"restartedMain","level":"INFO","level_value":20000}
{"@timestamp":"2025-12-28T16:23:34.3579129+05:30","@version":"1","message":"Initializing ...","logger_name":"com.netflix.eureka.DefaultEurekaServerContext","thread_name":"restartedMain","level":"INFO","level_value":20000}
{"@timestamp":"2025-12-28T16:23:34.3616475+05:30","@version":"1","message":"The replica size seems to be empty. Check the route 53 DNS Registry","logger_name":"com.netflix.eureka.cluster.PeerEurekaNodes","thread_name":"restartedMain","level":"WARN","level_value":30000}
{"@timestamp":"2025-12-28T16:23:34.4289487+05:30","@version":"1","message":"Finished initializing remote region registries. All known remote regions: []","logger_name":"com.netflix.eureka.registry.AbstractInstanceRegistry","thread_name":"restartedMain","level":"INFO","level_value":20000}
{"@timestamp":"2025-12-28T16:23:34.4327474+05:30","@version":"1","message":"Initialized","logger_name":"com.netflix.eureka.DefaultEurekaServerContext","thread_name":"restartedMain","level":"INFO","level_value":20000}
{"@timestamp":"2025-12-28T16:23:34.4809582+05:30","@version":"1","message":"Exposing 18 endpoints beneath base path '/actuator'","logger_name":"org.springframework.boot.actuate.endpoint.web.EndpointLinksResolver","thread_name":"restartedMain","level":"INFO","level_value":20000}
{"@timestamp":"2025-12-28T16:23:35.0290932+05:30","@version":"1","message":"Registering application SERVICEREGISTRY with eureka with status UP","logger_name":"org.springframework.cloud.netflix.eureka.serviceregistry.EurekaServiceRegistry","thread_name":"restartedMain","level":"INFO","level_value":20000}
{"@timestamp":"2025-12-28T16:23:35.0363786+05:30","@version":"1","message":"Starting ProtocolHandler [\"http-nio-8761\"]","logger_name":"org.apache.coyote.http11.Http11NioProtocol","thread_name":"restartedMain","level":"INFO","level_value":20000}
{"@timestamp":"2025-12-28T16:23:35.0802982+05:30","@version":"1","message":"isAws returned false","logger_name":"org.springframework.cloud.netflix.eureka.server.EurekaServerBootstrap","thread_name":"Thread-15","level":"INFO","level_value":20000}
{"@timestamp":"2025-12-28T16:23:35.0835663+05:30","@version":"1","message":"Initialized server context","logger_name":"org.springframework.cloud.netflix.eureka.server.EurekaServerBootstrap","thread_name":"Thread-15","level":"INFO","level_value":20000}
{"@timestamp":"2025-12-28T16:23:35.0835663+05:30","@version":"1","message":"Got 1 instances from neighboring DS node","logger_name":"com.netflix.eureka.registry.PeerAwareInstanceRegistryImpl","thread_name":"Thread-15","level":"INFO","level_value":20000}
{"@timestamp":"2025-12-28T16:23:35.0845645+05:30","@version":"1","message":"Renew threshold is: 1","logger_name":"com.netflix.eureka.registry.PeerAwareInstanceRegistryImpl","thread_name":"Thread-15","level":"INFO","level_value":20000}
{"@timestamp":"2025-12-28T16:23:35.085071+05:30","@version":"1","message":"Changing status to UP","logger_name":"com.netflix.eureka.registry.PeerAwareInstanceRegistryImpl","thread_name":"Thread-15","level":"INFO","level_value":20000}
{"@timestamp":"2025-12-28T16:23:35.0957065+05:30","@version":"1","message":"Started Eureka Server","logger_name":"org.springframework.cloud.netflix.eureka.server.EurekaServerInitializerConfiguration","thread_name":"Thread-15","level":"INFO","level_value":20000}
{"@timestamp":"2025-12-28T16:23:35.2140431+05:30","@version":"1","message":"Tomcat started on port 8761 (http) with context path '/'","logger_name":"org.springframework.boot.web.embedded.tomcat.TomcatWebServer","thread_name":"restartedMain","level":"INFO","level_value":20000}
{"@timestamp":"2025-12-28T16:23:35.219847+05:30","@version":"1","message":"Updating port to 8761","logger_name":"org.springframework.cloud.netflix.eureka.serviceregistry.EurekaAutoServiceRegistration","thread_name":"restartedMain","level":"INFO","level_value":20000}
{"@timestamp":"2025-12-28T16:23:35.3860978+05:30","@version":"1","message":"Started ServiceRegistryApplication in 40.358 seconds (process running for 51.237)","logger_name":"com.service_registry.ServiceRegistryApplication","thread_name":"restartedMain","level":"INFO","level_value":20000}
{"@timestamp":"2025-12-28T20:13:22.4928445+05:30","@version":"1","message":"Running the evict task with compensationTime 0ms","logger_name":"com.netflix.eureka.registry.AbstractInstanceRegistry","thread_name":"Eureka-EvictionTimer","level":"INFO","level_value":20000}
{"@timestamp":"2025-12-28T20:14:22.2018335+05:30","@version":"1","message":"Running the evict task with compensationTime 144ms","logger_name":"com.netflix.eureka.registry.AbstractInstanceRegistry","thread_name":"Eureka-EvictionTimer","level":"INFO","level_value":20000}
{"@timestamp":"2025-12-28T20:15:22.202015+05:30","@version":"1","message":"Running the evict task with compensationTime 0ms","logger_name":"com.netflix.eureka.registry.AbstractInstanceRegistry","thread_name":"Eureka-EvictionTimer","level":"INFO","level_value":20000}
{"@timestamp":"2025-12-28T20:16:22.2008815+05:30","@version":"1","message":"Running the evict task with compensationTime 2ms","logger_name":"com.netflix.eureka.registry.AbstractInstanceRegistry","thread_name":"Eureka-EvictionTimer","level":"INFO","level_value":20000}
{"@timestamp":"2025-12-28T20:17:22.2012089+05:30","@version":"1","message":"Running the evict task with compensationTime 0ms","logger_name":"com.netflix.eureka.registry.AbstractInstanceRegistry","thread_name":"Eureka-EvictionTimer","level":"INFO","level_value":20000}
{"@timestamp":"2025-12-28T20:18:22.20972+05:30","@version":"1","message":"Running the evict task with compensationTime 8ms","logger_name":"com.netflix.eureka.registry.AbstractInstanceRegistry","thread_name":"Eureka-EvictionTimer","level":"INFO","level_value":20000}
{"@timestamp":"2025-12-28T20:19:22.2102811+05:30","@version":"1","message":"Running the evict task with compensationTime 0ms","logger_name":"com.netflix.eureka.registry.AbstractInstanceRegistry","thread_name":"Eureka-EvictionTimer","level":"INFO","level_value":20000}
{"@timestamp":"2025-12-28T20:20:22.2208503+05:30","@version":"1","message":"Running the evict task with compensationTime 10ms","logger_name":"com.netflix.eureka.registry.AbstractInstanceRegistry","thread_name":"Eureka-EvictionTimer","level":"INFO","level_value":20000}
{"@timestamp":"2025-12-28T20:21:22.2227064+05:30","@version":"1","message":"Running the evict task with compensationTime 1ms","logger_name":"com.netflix.eureka.registry.AbstractInstanceRegistry","thread_name":"Eureka-EvictionTimer","level":"INFO","level_value":20000}
{"@timestamp":"2025-12-28T20:26:34.6433005+05:30","@version":"1","message":"The replica size seems to be empty. Check the route 53 DNS Registry","logger_name":"com.netflix.eureka.cluster.PeerEurekaNodes","thread_name":"Eureka-PeerNodesUpdater","level":"WARN","level_value":30000}
{"@timestamp":"2025-12-28T20:26:35.7241002+05:30","@version":"1","message":"Running the evict task with compensationTime 253501ms","logger_name":"com.netflix.eureka.registry.AbstractInstanceRegistry","thread_name":"Eureka-EvictionTimer","level":"INFO","level_value":20000}
{"@timestamp":"2025-12-28T20:27:35.7348897+05:30","@version":"1","message":"Running the evict task with compensationTime 10ms","logger_name":"com.netflix.eureka.registry.AbstractInstanceRegistry","thread_name":"Eureka-EvictionTimer","level":"INFO","level_value":20000}
{"@timestamp":"2025-12-28T20:28:35.7354813+05:30","@version":"1","message":"Running the evict task with compensationTime 0ms","logger_name":"com.netflix.eureka.registry.AbstractInstanceRegistry","thread_name":"Eureka-EvictionTimer","level":"INFO","level_value":20000}
{"@timestamp":"2025-12-28T20:28:44.1209681+05:30","@version":"1","message":"Initializing Spring DispatcherServlet 'dispatcherServlet'","logger_name":"org.apache.catalina.core.ContainerBase.[Tomcat].[localhost].[/]","thread_name":"http-nio-8761-exec-1","level":"INFO","level_value":20000}
{"@timestamp":"2025-12-28T20:28:44.1252697+05:30","@version":"1","message":"Initializing Servlet 'dispatcherServlet'","logger_name":"org.springframework.web.servlet.DispatcherServlet","thread_name":"http-nio-8761-exec-1","level":"INFO","level_value":20000}
{"@timestamp":"2025-12-28T20:28:44.2631268+05:30","@version":"1","message":"Completed initialization in 135 ms","logger_name":"org.springframework.web.servlet.DispatcherServlet","thread_name":"http-nio-8761-exec-1","level":"INFO","level_value":20000}
{"@timestamp":"2025-12-28T20:28:45.3305743+05:30","@version":"1","message":"Registered instance APIGATEWAY/DESKTOP-CRHISEN.mshome.net:ApiGateway:3030 with status UP (replication=false)","logger_name":"com.netflix.eureka.registry.AbstractInstanceRegistry","thread_name":"http-nio-8761-exec-2","level":"INFO","level_value":20000}
{"@timestamp":"2025-12-28T20:29:35.7362132+05:30","@version":"1","message":"Running the evict task with compensationTime 0ms","logger_name":"com.netflix.eureka.registry.AbstractInstanceRegistry","thread_name":"Eureka-EvictionTimer","level":"INFO","level_value":20000}
{"@timestamp":"2025-12-28T20:30:35.7468601+05:30","@version":"1","message":"Running the evict task with compensationTime 10ms","logger_name":"com.netflix.eureka.registry.AbstractInstanceRegistry","thread_name":"Eureka-EvictionTimer","level":"INFO","level_value":20000}
{"@timestamp":"2025-12-28T20:31:34.6395827+05:30","@version":"1","message":"Current renewal threshold is : 0","logger_name":"com.netflix.eureka.registry.PeerAwareInstanceRegistryImpl","thread_name":"ReplicaAwareInstanceRegistry - RenewalThresholdUpdater","level":"INFO","level_value":20000}
{"@timestamp":"2025-12-28T20:31:35.7509747+05:30","@version":"1","message":"Running the evict task with compensationTime 3ms","logger_name":"com.netflix.eureka.registry.AbstractInstanceRegistry","thread_name":"Eureka-EvictionTimer","level":"INFO","level_value":20000}
{"@timestamp":"2025-12-28T20:32:35.7689273+05:30","@version":"1","message":"Running the evict task with compensationTime 17ms","logger_name":"com.netflix.eureka.registry.AbstractInstanceRegistry","thread_name":"Eureka-EvictionTimer","level":"INFO","level_value":20000}
{"@timestamp":"2025-12-28T20:33:27.8686124+05:30","@version":"1","message":"Registered instance PATIENT-SERVICE/Patient-Service:28a283f6-9b52-4d13-9d0f-7d07943b03cb with status UP (replication=false)","logger_name":"com.netflix.eureka.registry.AbstractInstanceRegistry","thread_name":"http-nio-8761-exec-2","level":"INFO","level_value":20000}
{"@timestamp":"2025-12-28T20:33:35.7692713+05:30","@version":"1","message":"Running the evict task with compensationTime 0ms","logger_name":"com.netflix.eureka.registry.AbstractInstanceRegistry","thread_name":"Eureka-EvictionTimer","level":"INFO","level_value":20000}
{"@timestamp":"2025-12-28T20:34:35.7701804+05:30","@version":"1","message":"Running the evict task with compensationTime 1ms","logger_name":"com.netflix.eureka.registry.AbstractInstanceRegistry","thread_name":"Eureka-EvictionTimer","level":"INFO","level_value":20000}
{"@timestamp":"2025-12-28T20:34:43.4341518+05:30","@version":"1","message":"Registered instance APPOINTMENT-SERVICE/Appointment-Service:42d7044a-a980-4bc0-8596-4bd8c6a27fd7 with status UP (replication=false)","logger_name":"com.netflix.eureka.registry.AbstractInstanceRegistry","thread_name":"http-nio-8761-exec-2","level":"INFO","level_value":20000}
{"@timestamp":"2025-12-28T20:35:35.7713697+05:30","@version":"1","message":"Running the evict task with compensationTime 0ms","logger_name":"com.netflix.eureka.registry.AbstractInstanceRegistry","thread_name":"Eureka-EvictionTimer","level":"INFO","level_value":20000}
{"@timestamp":"2025-12-28T20:36:34.6614671+05:30","@version":"1","message":"The replica size seems to be empty. Check the route 53 DNS Registry","logger_name":"com.netflix.eureka.cluster.PeerEurekaNodes","thread_name":"Eureka-PeerNodesUpdater","level":"WARN","level_value":30000}
{"@timestamp":"2025-12-28T20:36:35.7789645+05:30","@version":"1","message":"Running the evict task with compensationTime 7ms","logger_name":"com.netflix.eureka.registry.AbstractInstanceRegistry","thread_name":"Eureka-EvictionTimer","level":"INFO","level_value":20000}
{"@timestamp":"2025-12-28T20:37:35.7938245+05:30","@version":"1","message":"Running the evict task with compensationTime 14ms","logger_name":"com.netflix.eureka.registry.AbstractInstanceRegistry","thread_name":"Eureka-EvictionTimer","level":"INFO","level_value":20000}
{"@timestamp":"2025-12-28T20:37:54.4073874+05:30","@version":"1","message":"Registered instance DOCTOR-SERVICE/Doctor-Service:1e5c6475-1e4b-4209-8ea4-6dece772386a with status UP (replication=false)","logger_name":"com.netflix.eureka.registry.AbstractInstanceRegistry","thread_name":"http-nio-8761-exec-2","level":"INFO","level_value":20000}
{"@timestamp":"2025-12-28T20:38:35.7938253+05:30","@version":"1","message":"Running the evict task with compensationTime 0ms","logger_name":"com.netflix.eureka.registry.AbstractInstanceRegistry","thread_name":"Eureka-EvictionTimer","level":"INFO","level_value":20000}
{"@timestamp":"2025-12-28T20:39:35.8236044+05:30","@version":"1","message":"Running the evict task with compensationTime 28ms","logger_name":"com.netflix.eureka.registry.AbstractInstanceRegistry","thread_name":"Eureka-EvictionTimer","level":"INFO","level_value":20000}
{"@timestamp":"2025-12-28T20:40:35.8218551+05:30","@version":"1","message":"Running the evict task with compensationTime 0ms","logger_name":"com.netflix.eureka.registry.AbstractInstanceRegistry","thread_name":"Eureka-EvictionTimer","level":"INFO","level_value":20000}
{"@timestamp":"2025-12-28T20:41:35.8218922+05:30","@version":"1","message":"Running the evict task with compensationTime 0ms","logger_name":"com.netflix.eureka.registry.AbstractInstanceRegistry","thread_name":"Eureka-EvictionTimer","level":"INFO","level_value":20000}
{"@timestamp":"2025-12-28T20:42:35.8219862+05:30","@version":"1","message":"Running the evict task with compensationTime 0ms","logger_name":"com.netflix.eureka.registry.AbstractInstanceRegistry","thread_name":"Eureka-EvictionTimer","level":"INFO","level_value":20000}
{"@timestamp":"2025-12-28T20:43:35.8222601+05:30","@version":"1","message":"Running the evict task with compensationTime 0ms","logger_name":"com.netflix.eureka.registry.AbstractInstanceRegistry","thread_name":"Eureka-EvictionTimer","level":"INFO","level_value":20000}
{"@timestamp":"2025-12-28T20:43:57.558091+05:30","@version":"1","message":"Unregistering application SERVICEREGISTRY with eureka with status DOWN","logger_name":"org.springframework.cloud.netflix.eureka.serviceregistry.EurekaServiceRegistry","thread_name":"SpringApplicationShutdownHook","level":"INFO","level_value":20000}
{"@timestamp":"2025-12-28T20:43:57.6826697+05:30","@version":"1","message":"Commencing graceful shutdown. Waiting for active requests to complete","logger_name":"org.springframework.boot.web.embedded.tomcat.GracefulShutdown","thread_name":"SpringApplicationShutdownHook","level":"INFO","level_value":20000}
{"@timestamp":"2025-12-28T20:43:57.7299922+05:30","@version":"1","message":"Graceful shutdown complete","logger_name":"org.springframework.boot.web.embedded.tomcat.GracefulShutdown","thread_name":"tomcat-shutdown","level":"INFO","level_value":20000}
{"@timestamp":"2025-12-28T20:43:58.1248606+05:30","@version":"1","message":"Shutting down Eureka Server..","logger_name":"org.springframework.cloud.netflix.eureka.server.EurekaServerBootstrap","thread_name":"SpringApplicationShutdownHook","level":"INFO","level_value":20000}
{"@timestamp":"2025-12-28T20:43:58.1258578+05:30","@version":"1","message":"Shutting down ...","logger_name":"com.netflix.eureka.DefaultEurekaServerContext","thread_name":"SpringApplicationShutdownHook","level":"INFO","level_value":20000}
{"@timestamp":"2025-12-28T20:43:58.1278551+05:30","@version":"1","message":"Shut down","logger_name":"com.netflix.eureka.DefaultEurekaServerContext","thread_name":"SpringApplicationShutdownHook","level":"INFO","level_value":20000}
{"@timestamp":"2025-12-28T20:43:58.1288547+05:30","@version":"1","message":"Eureka Service is now shutdown...","logger_name":"org.springframework.cloud.netflix.eureka.server.EurekaServerBootstrap","thread_name":"SpringApplicationShutdownHook","level":"INFO","level_value":20000}
{"@timestamp":"2025-12-28T20:43:58.1424416+05:30","@version":"1","message":"Shutting down ...","logger_name":"com.netflix.eureka.DefaultEurekaServerContext","thread_name":"SpringApplicationShutdownHook","level":"INFO","level_value":20000}
{"@timestamp":"2025-12-28T20:43:58.143443+05:30","@version":"1","message":"Shut down","logger_name":"com.netflix.eureka.DefaultEurekaServerContext","thread_name":"SpringApplicationShutdownHook","level":"INFO","level_value":20000}
{"@timestamp":"2025-12-28T20:43:58.1729596+05:30","@version":"1","message":"Shutting down DiscoveryClient ...","logger_name":"com.netflix.discovery.DiscoveryClient","thread_name":"SpringApplicationShutdownHook","level":"INFO","level_value":20000}
{"@timestamp":"2025-12-28T20:43:58.1744642+05:30","@version":"1","message":"Completed shut down of DiscoveryClient","logger_name":"com.netflix.discovery.DiscoveryClient","thread_name":"SpringApplicationShutdownHook","level":"INFO","level_value":20000}
