{"@timestamp":"2025-05-24T14:30:11.1207022+05:30","@version":"1","message":"Running the evict task with compensationTime 220276361ms","logger_name":"com.netflix.eureka.registry.AbstractInstanceRegistry","thread_name":"Eureka-EvictionTimer","level":"INFO","level_value":20000}
{"@timestamp":"2025-05-24T14:31:11.1357738+05:30","@version":"1","message":"Running the evict task with compensationTime 14ms","logger_name":"com.netflix.eureka.registry.AbstractInstanceRegistry","thread_name":"Eureka-EvictionTimer","level":"INFO","level_value":20000}
{"@timestamp":"2025-05-24T14:32:11.1457726+05:30","@version":"1","message":"Running the evict task with compensationTime 10ms","logger_name":"com.netflix.eureka.registry.AbstractInstanceRegistry","thread_name":"Eureka-EvictionTimer","level":"INFO","level_value":20000}
{"@timestamp":"2025-05-24T14:33:10.5329604+05:30","@version":"1","message":"The replica size seems to be empty. Check the route 53 DNS Registry","logger_name":"com.netflix.eureka.cluster.PeerEurekaNodes","thread_name":"Eureka-PeerNodesUpdater","level":"WARN","level_value":30000}
{"@timestamp":"2025-05-24T14:33:11.1523209+05:30","@version":"1","message":"Running the evict task with compensationTime 6ms","logger_name":"com.netflix.eureka.registry.AbstractInstanceRegistry","thread_name":"Eureka-EvictionTimer","level":"INFO","level_value":20000}
{"@timestamp":"2025-05-24T14:34:11.167723+05:30","@version":"1","message":"Running the evict task with compensationTime 15ms","logger_name":"com.netflix.eureka.registry.AbstractInstanceRegistry","thread_name":"Eureka-EvictionTimer","level":"INFO","level_value":20000}
{"@timestamp":"2025-05-24T14:35:11.1723883+05:30","@version":"1","message":"Running the evict task with compensationTime 4ms","logger_name":"com.netflix.eureka.registry.AbstractInstanceRegistry","thread_name":"Eureka-EvictionTimer","level":"INFO","level_value":20000}
{"@timestamp":"2025-05-24T14:36:11.1876619+05:30","@version":"1","message":"Running the evict task with compensationTime 15ms","logger_name":"com.netflix.eureka.registry.AbstractInstanceRegistry","thread_name":"Eureka-EvictionTimer","level":"INFO","level_value":20000}
{"@timestamp":"2025-05-24T14:37:11.1934499+05:30","@version":"1","message":"Running the evict task with compensationTime 5ms","logger_name":"com.netflix.eureka.registry.AbstractInstanceRegistry","thread_name":"Eureka-EvictionTimer","level":"INFO","level_value":20000}
{"@timestamp":"2025-05-24T14:38:11.1952557+05:30","@version":"1","message":"Running the evict task with compensationTime 1ms","logger_name":"com.netflix.eureka.registry.AbstractInstanceRegistry","thread_name":"Eureka-EvictionTimer","level":"INFO","level_value":20000}
{"@timestamp":"2025-05-24T14:39:11.1977531+05:30","@version":"1","message":"Running the evict task with compensationTime 2ms","logger_name":"com.netflix.eureka.registry.AbstractInstanceRegistry","thread_name":"Eureka-EvictionTimer","level":"INFO","level_value":20000}
{"@timestamp":"2025-05-24T14:40:11.199693+05:30","@version":"1","message":"Running the evict task with compensationTime 1ms","logger_name":"com.netflix.eureka.registry.AbstractInstanceRegistry","thread_name":"Eureka-EvictionTimer","level":"INFO","level_value":20000}
{"@timestamp":"2025-05-24T14:41:11.2032651+05:30","@version":"1","message":"Running the evict task with compensationTime 3ms","logger_name":"com.netflix.eureka.registry.AbstractInstanceRegistry","thread_name":"Eureka-EvictionTimer","level":"INFO","level_value":20000}
{"@timestamp":"2025-05-24T14:42:11.2119917+05:30","@version":"1","message":"Running the evict task with compensationTime 8ms","logger_name":"com.netflix.eureka.registry.AbstractInstanceRegistry","thread_name":"Eureka-EvictionTimer","level":"INFO","level_value":20000}
{"@timestamp":"2025-05-24T14:43:10.5108906+05:30","@version":"1","message":"Current renewal threshold is : 0","logger_name":"com.netflix.eureka.registry.PeerAwareInstanceRegistryImpl","thread_name":"ReplicaAwareInstanceRegistry - RenewalThresholdUpdater","level":"INFO","level_value":20000}
{"@timestamp":"2025-05-24T14:43:10.5480863+05:30","@version":"1","message":"The replica size seems to be empty. Check the route 53 DNS Registry","logger_name":"com.netflix.eureka.cluster.PeerEurekaNodes","thread_name":"Eureka-PeerNodesUpdater","level":"WARN","level_value":30000}
{"@timestamp":"2025-05-24T14:43:11.2228772+05:30","@version":"1","message":"Running the evict task with compensationTime 11ms","logger_name":"com.netflix.eureka.registry.AbstractInstanceRegistry","thread_name":"Eureka-EvictionTimer","level":"INFO","level_value":20000}
{"@timestamp":"2025-05-24T14:44:11.2311622+05:30","@version":"1","message":"Running the evict task with compensationTime 8ms","logger_name":"com.netflix.eureka.registry.AbstractInstanceRegistry","thread_name":"Eureka-EvictionTimer","level":"INFO","level_value":20000}
{"@timestamp":"2025-05-24T14:45:11.2459317+05:30","@version":"1","message":"Running the evict task with compensationTime 14ms","logger_name":"com.netflix.eureka.registry.AbstractInstanceRegistry","thread_name":"Eureka-EvictionTimer","level":"INFO","level_value":20000}
{"@timestamp":"2025-05-24T14:46:11.2558413+05:30","@version":"1","message":"Running the evict task with compensationTime 9ms","logger_name":"com.netflix.eureka.registry.AbstractInstanceRegistry","thread_name":"Eureka-EvictionTimer","level":"INFO","level_value":20000}
{"@timestamp":"2025-05-24T14:47:11.2581296+05:30","@version":"1","message":"Running the evict task with compensationTime 2ms","logger_name":"com.netflix.eureka.registry.AbstractInstanceRegistry","thread_name":"Eureka-EvictionTimer","level":"INFO","level_value":20000}
{"@timestamp":"2025-05-24T14:48:11.2719532+05:30","@version":"1","message":"Running the evict task with compensationTime 13ms","logger_name":"com.netflix.eureka.registry.AbstractInstanceRegistry","thread_name":"Eureka-EvictionTimer","level":"INFO","level_value":20000}
{"@timestamp":"2025-05-24T14:49:11.2781387+05:30","@version":"1","message":"Running the evict task with compensationTime 6ms","logger_name":"com.netflix.eureka.registry.AbstractInstanceRegistry","thread_name":"Eureka-EvictionTimer","level":"INFO","level_value":20000}
{"@timestamp":"2025-05-24T14:50:11.2836489+05:30","@version":"1","message":"Running the evict task with compensationTime 5ms","logger_name":"com.netflix.eureka.registry.AbstractInstanceRegistry","thread_name":"Eureka-EvictionTimer","level":"INFO","level_value":20000}
{"@timestamp":"2025-05-24T14:51:11.2877775+05:30","@version":"1","message":"Running the evict task with compensationTime 4ms","logger_name":"com.netflix.eureka.registry.AbstractInstanceRegistry","thread_name":"Eureka-EvictionTimer","level":"INFO","level_value":20000}
{"@timestamp":"2025-05-24T14:52:11.2962247+05:30","@version":"1","message":"Running the evict task with compensationTime 8ms","logger_name":"com.netflix.eureka.registry.AbstractInstanceRegistry","thread_name":"Eureka-EvictionTimer","level":"INFO","level_value":20000}
{"@timestamp":"2025-05-24T14:53:10.5569642+05:30","@version":"1","message":"The replica size seems to be empty. Check the route 53 DNS Registry","logger_name":"com.netflix.eureka.cluster.PeerEurekaNodes","thread_name":"Eureka-PeerNodesUpdater","level":"WARN","level_value":30000}
{"@timestamp":"2025-05-24T14:53:11.3048623+05:30","@version":"1","message":"Running the evict task with compensationTime 8ms","logger_name":"com.netflix.eureka.registry.AbstractInstanceRegistry","thread_name":"Eureka-EvictionTimer","level":"INFO","level_value":20000}
{"@timestamp":"2025-05-24T14:54:11.3094266+05:30","@version":"1","message":"Running the evict task with compensationTime 4ms","logger_name":"com.netflix.eureka.registry.AbstractInstanceRegistry","thread_name":"Eureka-EvictionTimer","level":"INFO","level_value":20000}
{"@timestamp":"2025-05-24T14:55:11.3098845+05:30","@version":"1","message":"Running the evict task with compensationTime 0ms","logger_name":"com.netflix.eureka.registry.AbstractInstanceRegistry","thread_name":"Eureka-EvictionTimer","level":"INFO","level_value":20000}
{"@timestamp":"2025-05-24T14:56:11.316512+05:30","@version":"1","message":"Running the evict task with compensationTime 6ms","logger_name":"com.netflix.eureka.registry.AbstractInstanceRegistry","thread_name":"Eureka-EvictionTimer","level":"INFO","level_value":20000}
{"@timestamp":"2025-05-24T14:57:11.333982+05:30","@version":"1","message":"Running the evict task with compensationTime 17ms","logger_name":"com.netflix.eureka.registry.AbstractInstanceRegistry","thread_name":"Eureka-EvictionTimer","level":"INFO","level_value":20000}
{"@timestamp":"2025-05-24T14:58:10.5135618+05:30","@version":"1","message":"Current renewal threshold is : 0","logger_name":"com.netflix.eureka.registry.PeerAwareInstanceRegistryImpl","thread_name":"ReplicaAwareInstanceRegistry - RenewalThresholdUpdater","level":"INFO","level_value":20000}
{"@timestamp":"2025-05-24T14:58:11.338648+05:30","@version":"1","message":"Running the evict task with compensationTime 4ms","logger_name":"com.netflix.eureka.registry.AbstractInstanceRegistry","thread_name":"Eureka-EvictionTimer","level":"INFO","level_value":20000}
{"@timestamp":"2025-05-24T14:59:11.3459223+05:30","@version":"1","message":"Running the evict task with compensationTime 7ms","logger_name":"com.netflix.eureka.registry.AbstractInstanceRegistry","thread_name":"Eureka-EvictionTimer","level":"INFO","level_value":20000}
{"@timestamp":"2025-05-24T15:01:07.7932169+05:30","@version":"1","message":"Running the evict task with compensationTime 56447ms","logger_name":"com.netflix.eureka.registry.AbstractInstanceRegistry","thread_name":"Eureka-EvictionTimer","level":"INFO","level_value":20000}
{"@timestamp":"2025-05-24T15:02:07.8022465+05:30","@version":"1","message":"Running the evict task with compensationTime 9ms","logger_name":"com.netflix.eureka.registry.AbstractInstanceRegistry","thread_name":"Eureka-EvictionTimer","level":"INFO","level_value":20000}
{"@timestamp":"2025-05-24T15:03:07.804088+05:30","@version":"1","message":"Running the evict task with compensationTime 0ms","logger_name":"com.netflix.eureka.registry.AbstractInstanceRegistry","thread_name":"Eureka-EvictionTimer","level":"INFO","level_value":20000}
{"@timestamp":"2025-05-24T15:04:07.0193559+05:30","@version":"1","message":"The replica size seems to be empty. Check the route 53 DNS Registry","logger_name":"com.netflix.eureka.cluster.PeerEurekaNodes","thread_name":"Eureka-PeerNodesUpdater","level":"WARN","level_value":30000}
{"@timestamp":"2025-05-24T15:04:07.8097297+05:30","@version":"1","message":"Running the evict task with compensationTime 5ms","logger_name":"com.netflix.eureka.registry.AbstractInstanceRegistry","thread_name":"Eureka-EvictionTimer","level":"INFO","level_value":20000}
{"@timestamp":"2025-05-24T15:05:07.8217028+05:30","@version":"1","message":"Running the evict task with compensationTime 12ms","logger_name":"com.netflix.eureka.registry.AbstractInstanceRegistry","thread_name":"Eureka-EvictionTimer","level":"INFO","level_value":20000}
{"@timestamp":"2025-05-24T15:06:07.8326588+05:30","@version":"1","message":"Running the evict task with compensationTime 10ms","logger_name":"com.netflix.eureka.registry.AbstractInstanceRegistry","thread_name":"Eureka-EvictionTimer","level":"INFO","level_value":20000}
{"@timestamp":"2025-05-24T15:07:07.8422063+05:30","@version":"1","message":"Running the evict task with compensationTime 9ms","logger_name":"com.netflix.eureka.registry.AbstractInstanceRegistry","thread_name":"Eureka-EvictionTimer","level":"INFO","level_value":20000}
{"@timestamp":"2025-05-24T15:08:07.8535579+05:30","@version":"1","message":"Running the evict task with compensationTime 10ms","logger_name":"com.netflix.eureka.registry.AbstractInstanceRegistry","thread_name":"Eureka-EvictionTimer","level":"INFO","level_value":20000}
{"@timestamp":"2025-05-24T15:09:07.8670188+05:30","@version":"1","message":"Running the evict task with compensationTime 13ms","logger_name":"com.netflix.eureka.registry.AbstractInstanceRegistry","thread_name":"Eureka-EvictionTimer","level":"INFO","level_value":20000}
{"@timestamp":"2025-05-24T15:10:07.8750336+05:30","@version":"1","message":"Running the evict task with compensationTime 8ms","logger_name":"com.netflix.eureka.registry.AbstractInstanceRegistry","thread_name":"Eureka-EvictionTimer","level":"INFO","level_value":20000}
{"@timestamp":"2025-05-24T21:15:23.1421077+05:30","@version":"1","message":"Running the evict task with compensationTime 21862998ms","logger_name":"com.netflix.eureka.registry.AbstractInstanceRegistry","thread_name":"Eureka-EvictionTimer","level":"INFO","level_value":20000}
{"@timestamp":"2025-05-24T21:16:23.143719+05:30","@version":"1","message":"Running the evict task with compensationTime 1ms","logger_name":"com.netflix.eureka.registry.AbstractInstanceRegistry","thread_name":"Eureka-EvictionTimer","level":"INFO","level_value":20000}
{"@timestamp":"2025-05-24T21:17:23.1528548+05:30","@version":"1","message":"Running the evict task with compensationTime 9ms","logger_name":"com.netflix.eureka.registry.AbstractInstanceRegistry","thread_name":"Eureka-EvictionTimer","level":"INFO","level_value":20000}
{"@timestamp":"2025-05-24T21:18:22.2242279+05:30","@version":"1","message":"Current renewal threshold is : 0","logger_name":"com.netflix.eureka.registry.PeerAwareInstanceRegistryImpl","thread_name":"ReplicaAwareInstanceRegistry - RenewalThresholdUpdater","level":"INFO","level_value":20000}
{"@timestamp":"2025-05-24T21:18:22.2878116+05:30","@version":"1","message":"The replica size seems to be empty. Check the route 53 DNS Registry","logger_name":"com.netflix.eureka.cluster.PeerEurekaNodes","thread_name":"Eureka-PeerNodesUpdater","level":"WARN","level_value":30000}
{"@timestamp":"2025-05-24T21:18:23.1529206+05:30","@version":"1","message":"Running the evict task with compensationTime 0ms","logger_name":"com.netflix.eureka.registry.AbstractInstanceRegistry","thread_name":"Eureka-EvictionTimer","level":"INFO","level_value":20000}
{"@timestamp":"2025-05-24T21:19:23.162464+05:30","@version":"1","message":"Running the evict task with compensationTime 9ms","logger_name":"com.netflix.eureka.registry.AbstractInstanceRegistry","thread_name":"Eureka-EvictionTimer","level":"INFO","level_value":20000}
{"@timestamp":"2025-05-24T21:20:23.1758367+05:30","@version":"1","message":"Running the evict task with compensationTime 13ms","logger_name":"com.netflix.eureka.registry.AbstractInstanceRegistry","thread_name":"Eureka-EvictionTimer","level":"INFO","level_value":20000}
{"@timestamp":"2025-05-24T21:21:23.1798142+05:30","@version":"1","message":"Running the evict task with compensationTime 4ms","logger_name":"com.netflix.eureka.registry.AbstractInstanceRegistry","thread_name":"Eureka-EvictionTimer","level":"INFO","level_value":20000}
{"@timestamp":"2025-05-24T21:22:23.1868488+05:30","@version":"1","message":"Running the evict task with compensationTime 7ms","logger_name":"com.netflix.eureka.registry.AbstractInstanceRegistry","thread_name":"Eureka-EvictionTimer","level":"INFO","level_value":20000}
{"@timestamp":"2025-05-24T21:23:23.1999773+05:30","@version":"1","message":"Running the evict task with compensationTime 13ms","logger_name":"com.netflix.eureka.registry.AbstractInstanceRegistry","thread_name":"Eureka-EvictionTimer","level":"INFO","level_value":20000}
{"@timestamp":"2025-05-24T21:24:23.2053698+05:30","@version":"1","message":"Running the evict task with compensationTime 5ms","logger_name":"com.netflix.eureka.registry.AbstractInstanceRegistry","thread_name":"Eureka-EvictionTimer","level":"INFO","level_value":20000}
{"@timestamp":"2025-05-24T21:25:23.2060883+05:30","@version":"1","message":"Running the evict task with compensationTime 0ms","logger_name":"com.netflix.eureka.registry.AbstractInstanceRegistry","thread_name":"Eureka-EvictionTimer","level":"INFO","level_value":20000}
{"@timestamp":"2025-05-24T21:26:23.2063421+05:30","@version":"1","message":"Running the evict task with compensationTime 0ms","logger_name":"com.netflix.eureka.registry.AbstractInstanceRegistry","thread_name":"Eureka-EvictionTimer","level":"INFO","level_value":20000}
{"@timestamp":"2025-05-24T21:27:23.2067155+05:30","@version":"1","message":"Running the evict task with compensationTime 0ms","logger_name":"com.netflix.eureka.registry.AbstractInstanceRegistry","thread_name":"Eureka-EvictionTimer","level":"INFO","level_value":20000}
{"@timestamp":"2025-05-24T21:27:42.7113261+05:30","@version":"1","message":"Unregistering application SERVICEREGISTRY with eureka with status DOWN","logger_name":"org.springframework.cloud.netflix.eureka.serviceregistry.EurekaServiceRegistry","thread_name":"SpringApplicationShutdownHook","level":"INFO","level_value":20000}
{"@timestamp":"2025-05-24T21:27:42.7286422+05:30","@version":"1","message":"Commencing graceful shutdown. Waiting for active requests to complete","logger_name":"org.springframework.boot.web.embedded.tomcat.GracefulShutdown","thread_name":"SpringApplicationShutdownHook","level":"INFO","level_value":20000}
{"@timestamp":"2025-05-24T21:27:42.7453447+05:30","@version":"1","message":"Graceful shutdown complete","logger_name":"org.springframework.boot.web.embedded.tomcat.GracefulShutdown","thread_name":"tomcat-shutdown","level":"INFO","level_value":20000}
{"@timestamp":"2025-05-24T21:27:42.8559636+05:30","@version":"1","message":"Shutting down Eureka Server..","logger_name":"org.springframework.cloud.netflix.eureka.server.EurekaServerBootstrap","thread_name":"SpringApplicationShutdownHook","level":"INFO","level_value":20000}
{"@timestamp":"2025-05-24T21:27:42.8569663+05:30","@version":"1","message":"Shutting down ...","logger_name":"com.netflix.eureka.DefaultEurekaServerContext","thread_name":"SpringApplicationShutdownHook","level":"INFO","level_value":20000}
{"@timestamp":"2025-05-24T21:27:42.8569663+05:30","@version":"1","message":"Shut down","logger_name":"com.netflix.eureka.DefaultEurekaServerContext","thread_name":"SpringApplicationShutdownHook","level":"INFO","level_value":20000}
{"@timestamp":"2025-05-24T21:27:42.8579649+05:30","@version":"1","message":"Eureka Service is now shutdown...","logger_name":"org.springframework.cloud.netflix.eureka.server.EurekaServerBootstrap","thread_name":"SpringApplicationShutdownHook","level":"INFO","level_value":20000}
{"@timestamp":"2025-05-24T21:27:42.8649714+05:30","@version":"1","message":"Shutting down ...","logger_name":"com.netflix.eureka.DefaultEurekaServerContext","thread_name":"SpringApplicationShutdownHook","level":"INFO","level_value":20000}
{"@timestamp":"2025-05-24T21:27:42.8659818+05:30","@version":"1","message":"Shut down","logger_name":"com.netflix.eureka.DefaultEurekaServerContext","thread_name":"SpringApplicationShutdownHook","level":"INFO","level_value":20000}
{"@timestamp":"2025-05-24T21:27:42.8967824+05:30","@version":"1","message":"Shutting down DiscoveryClient ...","logger_name":"com.netflix.discovery.DiscoveryClient","thread_name":"SpringApplicationShutdownHook","level":"INFO","level_value":20000}
{"@timestamp":"2025-05-24T21:27:42.8977761+05:30","@version":"1","message":"Completed shut down of DiscoveryClient","logger_name":"com.netflix.discovery.DiscoveryClient","thread_name":"SpringApplicationShutdownHook","level":"INFO","level_value":20000}
