{"@timestamp":"2025-12-29T21:48:55.0178446+05:30","@version":"1","message":"Starting ServiceRegistryApplication using Java 23.0.2 with PID 26848 (D:\\practo\\Micro-Multi-Project\\ServiceRegistry\\target\\classes started by Ashutosh in D:\\practo\\Micro-Multi-Project)","logger_name":"com.service_registry.ServiceRegistryApplication","thread_name":"restartedMain","level":"INFO","level_value":20000}
{"@timestamp":"2025-12-29T21:48:55.0814681+05:30","@version":"1","message":"No active profile set, falling back to 1 default profile: \"default\"","logger_name":"com.service_registry.ServiceRegistryApplication","thread_name":"restartedMain","level":"INFO","level_value":20000}
{"@timestamp":"2025-12-29T21:48:55.2573934+05:30","@version":"1","message":"Devtools property defaults active! Set 'spring.devtools.add-properties' to 'false' to disable","logger_name":"org.springframework.boot.devtools.env.DevToolsPropertyDefaultsPostProcessor","thread_name":"restartedMain","level":"INFO","level_value":20000}
{"@timestamp":"2025-12-29T21:48:55.2584035+05:30","@version":"1","message":"For additional web related logging consider setting the 'logging.level.web' property to 'DEBUG'","logger_name":"org.springframework.boot.devtools.env.DevToolsPropertyDefaultsPostProcessor","thread_name":"restartedMain","level":"INFO","level_value":20000}
{"@timestamp":"2025-12-29T21:48:59.2458678+05:30","@version":"1","message":"BeanFactory id=ab99ed09-d273-3831-bbd6-650bea4e8f72","logger_name":"org.springframework.cloud.context.scope.GenericScope","thread_name":"restartedMain","level":"INFO","level_value":20000}
{"@timestamp":"2025-12-29T21:49:01.7470775+05:30","@version":"1","message":"Tomcat initialized with port 8761 (http)","logger_name":"org.springframework.boot.web.embedded.tomcat.TomcatWebServer","thread_name":"restartedMain","level":"INFO","level_value":20000}
{"@timestamp":"2025-12-29T21:49:01.7883945+05:30","@version":"1","message":"Initializing ProtocolHandler [\"http-nio-8761\"]","logger_name":"org.apache.coyote.http11.Http11NioProtocol","thread_name":"restartedMain","level":"INFO","level_value":20000}
{"@timestamp":"2025-12-29T21:49:01.797768+05:30","@version":"1","message":"Starting service [Tomcat]","logger_name":"org.apache.catalina.core.StandardService","thread_name":"restartedMain","level":"INFO","level_value":20000}
{"@timestamp":"2025-12-29T21:49:01.7992694+05:30","@version":"1","message":"Starting Servlet engine: [Apache Tomcat/10.1.36]","logger_name":"org.apache.catalina.core.StandardEngine","thread_name":"restartedMain","level":"INFO","level_value":20000}
{"@timestamp":"2025-12-29T21:49:02.0865149+05:30","@version":"1","message":"Initializing Spring embedded WebApplicationContext","logger_name":"org.apache.catalina.core.ContainerBase.[Tomcat].[localhost].[/]","thread_name":"restartedMain","level":"INFO","level_value":20000}
{"@timestamp":"2025-12-29T21:49:02.0915189+05:30","@version":"1","message":"Root WebApplicationContext: initialization completed in 6829 ms","logger_name":"org.springframework.boot.web.servlet.context.ServletWebServerApplicationContext","thread_name":"restartedMain","level":"INFO","level_value":20000}
{"@timestamp":"2025-12-29T21:49:10.6744669+05:30","@version":"1","message":"Using JSON encoding codec LegacyJacksonJson","logger_name":"com.netflix.discovery.provider.DiscoveryJerseyProvider","thread_name":"restartedMain","level":"INFO","level_value":20000}
{"@timestamp":"2025-12-29T21:49:10.6792809+05:30","@version":"1","message":"Using JSON decoding codec LegacyJacksonJson","logger_name":"com.netflix.discovery.provider.DiscoveryJerseyProvider","thread_name":"restartedMain","level":"INFO","level_value":20000}
{"@timestamp":"2025-12-29T21:49:11.634692+05:30","@version":"1","message":"Using XML encoding codec XStreamXml","logger_name":"com.netflix.discovery.provider.DiscoveryJerseyProvider","thread_name":"restartedMain","level":"INFO","level_value":20000}
{"@timestamp":"2025-12-29T21:49:11.634692+05:30","@version":"1","message":"Using XML decoding codec XStreamXml","logger_name":"com.netflix.discovery.provider.DiscoveryJerseyProvider","thread_name":"restartedMain","level":"INFO","level_value":20000}
{"@timestamp":"2025-12-29T21:49:12.5929624+05:30","@version":"1","message":"Failed to set up a Bean Validation provider: jakarta.validation.NoProviderFoundException: Unable to create a Configuration, because no Jakarta Bean Validation provider could be found. Add a provider like Hibernate Validator (RI) to your classpath.","logger_name":"org.springframework.validation.beanvalidation.OptionalValidatorFactoryBean","thread_name":"restartedMain","level":"INFO","level_value":20000}
{"@timestamp":"2025-12-29T21:49:17.2928447+05:30","@version":"1","message":"LiveReload server is running on port 35729","logger_name":"org.springframework.boot.devtools.autoconfigure.OptionalLiveReloadServer","thread_name":"restartedMain","level":"INFO","level_value":20000}
{"@timestamp":"2025-12-29T21:49:19.0257969+05:30","@version":"1","message":"Spring Cloud LoadBalancer is currently working with the default cache. While this cache implementation is useful for development and tests, it's recommended to use Caffeine cache in production.You can switch to using Caffeine cache, by adding it and org.springframework.cache.caffeine.CaffeineCacheManager to the classpath.","logger_name":"org.springframework.cloud.loadbalancer.config.LoadBalancerCacheAutoConfiguration$LoadBalancerCaffeineWarnLogger","thread_name":"restartedMain","level":"WARN","level_value":30000}
{"@timestamp":"2025-12-29T21:49:19.0834052+05:30","@version":"1","message":"Setting initial instance status as: STARTING","logger_name":"org.springframework.cloud.netflix.eureka.InstanceInfoFactory","thread_name":"restartedMain","level":"INFO","level_value":20000}
{"@timestamp":"2025-12-29T21:49:20.3366204+05:30","@version":"1","message":"Initializing Eureka in region us-east-1","logger_name":"com.netflix.discovery.DiscoveryClient","thread_name":"restartedMain","level":"INFO","level_value":20000}
{"@timestamp":"2025-12-29T21:49:20.3366204+05:30","@version":"1","message":"Client configured to neither register nor query for data.","logger_name":"com.netflix.discovery.DiscoveryClient","thread_name":"restartedMain","level":"INFO","level_value":20000}
{"@timestamp":"2025-12-29T21:49:20.4301079+05:30","@version":"1","message":"Discovery Client initialized at timestamp 1767025160339 with initial instances count: 0","logger_name":"com.netflix.discovery.DiscoveryClient","thread_name":"restartedMain","level":"INFO","level_value":20000}
{"@timestamp":"2025-12-29T21:49:20.7314853+05:30","@version":"1","message":"Initializing ...","logger_name":"com.netflix.eureka.DefaultEurekaServerContext","thread_name":"restartedMain","level":"INFO","level_value":20000}
{"@timestamp":"2025-12-29T21:49:20.7334708+05:30","@version":"1","message":"The replica size seems to be empty. Check the route 53 DNS Registry","logger_name":"com.netflix.eureka.cluster.PeerEurekaNodes","thread_name":"restartedMain","level":"WARN","level_value":30000}
{"@timestamp":"2025-12-29T21:49:20.8428441+05:30","@version":"1","message":"Finished initializing remote region registries. All known remote regions: []","logger_name":"com.netflix.eureka.registry.AbstractInstanceRegistry","thread_name":"restartedMain","level":"INFO","level_value":20000}
{"@timestamp":"2025-12-29T21:49:20.8438451+05:30","@version":"1","message":"Initialized","logger_name":"com.netflix.eureka.DefaultEurekaServerContext","thread_name":"restartedMain","level":"INFO","level_value":20000}
{"@timestamp":"2025-12-29T21:49:21.5040258+05:30","@version":"1","message":"Exposing 18 endpoints beneath base path '/actuator'","logger_name":"org.springframework.boot.actuate.endpoint.web.EndpointLinksResolver","thread_name":"restartedMain","level":"INFO","level_value":20000}
{"@timestamp":"2025-12-29T21:49:22.2409671+05:30","@version":"1","message":"Registering application SERVICEREGISTRY with eureka with status UP","logger_name":"org.springframework.cloud.netflix.eureka.serviceregistry.EurekaServiceRegistry","thread_name":"restartedMain","level":"INFO","level_value":20000}
{"@timestamp":"2025-12-29T21:49:22.2444025+05:30","@version":"1","message":"Starting ProtocolHandler [\"http-nio-8761\"]","logger_name":"org.apache.coyote.http11.Http11NioProtocol","thread_name":"restartedMain","level":"INFO","level_value":20000}
{"@timestamp":"2025-12-29T21:49:22.2587737+05:30","@version":"1","message":"isAws returned false","logger_name":"org.springframework.cloud.netflix.eureka.server.EurekaServerBootstrap","thread_name":"Thread-15","level":"INFO","level_value":20000}
{"@timestamp":"2025-12-29T21:49:22.2597826+05:30","@version":"1","message":"Initialized server context","logger_name":"org.springframework.cloud.netflix.eureka.server.EurekaServerBootstrap","thread_name":"Thread-15","level":"INFO","level_value":20000}
{"@timestamp":"2025-12-29T21:49:22.2597826+05:30","@version":"1","message":"Got 1 instances from neighboring DS node","logger_name":"com.netflix.eureka.registry.PeerAwareInstanceRegistryImpl","thread_name":"Thread-15","level":"INFO","level_value":20000}
{"@timestamp":"2025-12-29T21:49:22.2597826+05:30","@version":"1","message":"Renew threshold is: 1","logger_name":"com.netflix.eureka.registry.PeerAwareInstanceRegistryImpl","thread_name":"Thread-15","level":"INFO","level_value":20000}
{"@timestamp":"2025-12-29T21:49:22.2612897+05:30","@version":"1","message":"Changing status to UP","logger_name":"com.netflix.eureka.registry.PeerAwareInstanceRegistryImpl","thread_name":"Thread-15","level":"INFO","level_value":20000}
{"@timestamp":"2025-12-29T21:49:22.2634925+05:30","@version":"1","message":"Started Eureka Server","logger_name":"org.springframework.cloud.netflix.eureka.server.EurekaServerInitializerConfiguration","thread_name":"Thread-15","level":"INFO","level_value":20000}
{"@timestamp":"2025-12-29T21:49:22.2815867+05:30","@version":"1","message":"Tomcat started on port 8761 (http) with context path '/'","logger_name":"org.springframework.boot.web.embedded.tomcat.TomcatWebServer","thread_name":"restartedMain","level":"INFO","level_value":20000}
{"@timestamp":"2025-12-29T21:49:22.2855948+05:30","@version":"1","message":"Updating port to 8761","logger_name":"org.springframework.cloud.netflix.eureka.serviceregistry.EurekaAutoServiceRegistration","thread_name":"restartedMain","level":"INFO","level_value":20000}
{"@timestamp":"2025-12-29T21:49:22.4430629+05:30","@version":"1","message":"Started ServiceRegistryApplication in 29.51 seconds (process running for 49.808)","logger_name":"com.service_registry.ServiceRegistryApplication","thread_name":"restartedMain","level":"INFO","level_value":20000}
{"@timestamp":"2025-12-29T21:50:22.2639441+05:30","@version":"1","message":"Running the evict task with compensationTime 0ms","logger_name":"com.netflix.eureka.registry.AbstractInstanceRegistry","thread_name":"Eureka-EvictionTimer","level":"INFO","level_value":20000}
{"@timestamp":"2025-12-29T21:51:22.2665067+05:30","@version":"1","message":"Running the evict task with compensationTime 0ms","logger_name":"com.netflix.eureka.registry.AbstractInstanceRegistry","thread_name":"Eureka-EvictionTimer","level":"INFO","level_value":20000}
{"@timestamp":"2025-12-29T21:52:22.2665663+05:30","@version":"1","message":"Running the evict task with compensationTime 2ms","logger_name":"com.netflix.eureka.registry.AbstractInstanceRegistry","thread_name":"Eureka-EvictionTimer","level":"INFO","level_value":20000}
{"@timestamp":"2025-12-29T21:53:22.2663175+05:30","@version":"1","message":"Running the evict task with compensationTime 1ms","logger_name":"com.netflix.eureka.registry.AbstractInstanceRegistry","thread_name":"Eureka-EvictionTimer","level":"INFO","level_value":20000}
{"@timestamp":"2025-12-29T21:54:22.2677694+05:30","@version":"1","message":"Running the evict task with compensationTime 1ms","logger_name":"com.netflix.eureka.registry.AbstractInstanceRegistry","thread_name":"Eureka-EvictionTimer","level":"INFO","level_value":20000}
{"@timestamp":"2025-12-29T21:55:02.5169469+05:30","@version":"1","message":"Initializing Spring DispatcherServlet 'dispatcherServlet'","logger_name":"org.apache.catalina.core.ContainerBase.[Tomcat].[localhost].[/]","thread_name":"http-nio-8761-exec-1","level":"INFO","level_value":20000}
{"@timestamp":"2025-12-29T21:55:02.5222577+05:30","@version":"1","message":"Initializing Servlet 'dispatcherServlet'","logger_name":"org.springframework.web.servlet.DispatcherServlet","thread_name":"http-nio-8761-exec-1","level":"INFO","level_value":20000}
{"@timestamp":"2025-12-29T21:55:02.5751186+05:30","@version":"1","message":"Completed initialization in 53 ms","logger_name":"org.springframework.web.servlet.DispatcherServlet","thread_name":"http-nio-8761-exec-1","level":"INFO","level_value":20000}
{"@timestamp":"2025-12-29T21:55:03.6187764+05:30","@version":"1","message":"Registered instance APIGATEWAY/DESKTOP-CRHISEN.mshome.net:ApiGateway:3030 with status UP (replication=false)","logger_name":"com.netflix.eureka.registry.AbstractInstanceRegistry","thread_name":"http-nio-8761-exec-3","level":"INFO","level_value":20000}
{"@timestamp":"2025-12-29T21:55:22.2796046+05:30","@version":"1","message":"Running the evict task with compensationTime 11ms","logger_name":"com.netflix.eureka.registry.AbstractInstanceRegistry","thread_name":"Eureka-EvictionTimer","level":"INFO","level_value":20000}
{"@timestamp":"2025-12-29T21:56:20.6050095+05:30","@version":"1","message":"Registered instance PATIENT-SERVICE/Patient-Service:329ff787-7eca-4d8c-8a2b-67304d47366a with status UP (replication=false)","logger_name":"com.netflix.eureka.registry.AbstractInstanceRegistry","thread_name":"http-nio-8761-exec-8","level":"INFO","level_value":20000}
{"@timestamp":"2025-12-29T21:56:22.2791823+05:30","@version":"1","message":"Running the evict task with compensationTime 0ms","logger_name":"com.netflix.eureka.registry.AbstractInstanceRegistry","thread_name":"Eureka-EvictionTimer","level":"INFO","level_value":20000}
{"@timestamp":"2025-12-29T21:57:05.9451131+05:30","@version":"1","message":"Registered instance DOCTOR-SERVICE/Doctor-Service:6347e625-a3f0-433a-b9fa-d9b816640ad7 with status UP (replication=false)","logger_name":"com.netflix.eureka.registry.AbstractInstanceRegistry","thread_name":"http-nio-8761-exec-6","level":"INFO","level_value":20000}
{"@timestamp":"2025-12-29T21:57:22.2798752+05:30","@version":"1","message":"Running the evict task with compensationTime 1ms","logger_name":"com.netflix.eureka.registry.AbstractInstanceRegistry","thread_name":"Eureka-EvictionTimer","level":"INFO","level_value":20000}
{"@timestamp":"2025-12-29T21:58:22.2894908+05:30","@version":"1","message":"Running the evict task with compensationTime 8ms","logger_name":"com.netflix.eureka.registry.AbstractInstanceRegistry","thread_name":"Eureka-EvictionTimer","level":"INFO","level_value":20000}
{"@timestamp":"2025-12-29T21:59:20.7463641+05:30","@version":"1","message":"The replica size seems to be empty. Check the route 53 DNS Registry","logger_name":"com.netflix.eureka.cluster.PeerEurekaNodes","thread_name":"Eureka-PeerNodesUpdater","level":"WARN","level_value":30000}
{"@timestamp":"2025-12-29T21:59:22.2915182+05:30","@version":"1","message":"Running the evict task with compensationTime 2ms","logger_name":"com.netflix.eureka.registry.AbstractInstanceRegistry","thread_name":"Eureka-EvictionTimer","level":"INFO","level_value":20000}
{"@timestamp":"2025-12-29T22:40:07.359224+05:30","@version":"1","message":"Running the evict task with compensationTime 2385035ms","logger_name":"com.netflix.eureka.registry.AbstractInstanceRegistry","thread_name":"Eureka-EvictionTimer","level":"INFO","level_value":20000}
{"@timestamp":"2025-12-29T22:41:07.3313356+05:30","@version":"1","message":"Running the evict task with compensationTime 4ms","logger_name":"com.netflix.eureka.registry.AbstractInstanceRegistry","thread_name":"Eureka-EvictionTimer","level":"INFO","level_value":20000}
{"@timestamp":"2025-12-29T22:42:07.3427837+05:30","@version":"1","message":"Running the evict task with compensationTime 11ms","logger_name":"com.netflix.eureka.registry.AbstractInstanceRegistry","thread_name":"Eureka-EvictionTimer","level":"INFO","level_value":20000}
{"@timestamp":"2025-12-29T22:43:07.3651233+05:30","@version":"1","message":"Running the evict task with compensationTime 21ms","logger_name":"com.netflix.eureka.registry.AbstractInstanceRegistry","thread_name":"Eureka-EvictionTimer","level":"INFO","level_value":20000}
{"@timestamp":"2025-12-29T22:44:05.8956168+05:30","@version":"1","message":"Current renewal threshold is : 0","logger_name":"com.netflix.eureka.registry.PeerAwareInstanceRegistryImpl","thread_name":"ReplicaAwareInstanceRegistry - RenewalThresholdUpdater","level":"INFO","level_value":20000}
{"@timestamp":"2025-12-29T22:44:07.3719166+05:30","@version":"1","message":"Running the evict task with compensationTime 7ms","logger_name":"com.netflix.eureka.registry.AbstractInstanceRegistry","thread_name":"Eureka-EvictionTimer","level":"INFO","level_value":20000}
{"@timestamp":"2025-12-29T22:45:07.3717581+05:30","@version":"1","message":"Running the evict task with compensationTime 0ms","logger_name":"com.netflix.eureka.registry.AbstractInstanceRegistry","thread_name":"Eureka-EvictionTimer","level":"INFO","level_value":20000}
{"@timestamp":"2025-12-29T22:46:07.3719262+05:30","@version":"1","message":"Running the evict task with compensationTime 0ms","logger_name":"com.netflix.eureka.registry.AbstractInstanceRegistry","thread_name":"Eureka-EvictionTimer","level":"INFO","level_value":20000}
{"@timestamp":"2025-12-29T22:47:07.3711897+05:30","@version":"1","message":"Running the evict task with compensationTime 0ms","logger_name":"com.netflix.eureka.registry.AbstractInstanceRegistry","thread_name":"Eureka-EvictionTimer","level":"INFO","level_value":20000}
{"@timestamp":"2025-12-29T23:08:03.88315+05:30","@version":"1","message":"Running the evict task with compensationTime 1196511ms","logger_name":"com.netflix.eureka.registry.AbstractInstanceRegistry","thread_name":"Eureka-EvictionTimer","level":"INFO","level_value":20000}
{"@timestamp":"2025-12-29T23:09:02.298756+05:30","@version":"1","message":"The replica size seems to be empty. Check the route 53 DNS Registry","logger_name":"com.netflix.eureka.cluster.PeerEurekaNodes","thread_name":"Eureka-PeerNodesUpdater","level":"WARN","level_value":30000}
{"@timestamp":"2025-12-29T23:09:03.8834955+05:30","@version":"1","message":"Running the evict task with compensationTime 0ms","logger_name":"com.netflix.eureka.registry.AbstractInstanceRegistry","thread_name":"Eureka-EvictionTimer","level":"INFO","level_value":20000}
{"@timestamp":"2025-12-29T23:10:03.8845538+05:30","@version":"1","message":"Running the evict task with compensationTime 1ms","logger_name":"com.netflix.eureka.registry.AbstractInstanceRegistry","thread_name":"Eureka-EvictionTimer","level":"INFO","level_value":20000}
{"@timestamp":"2025-12-29T23:11:03.8854888+05:30","@version":"1","message":"Running the evict task with compensationTime 0ms","logger_name":"com.netflix.eureka.registry.AbstractInstanceRegistry","thread_name":"Eureka-EvictionTimer","level":"INFO","level_value":20000}
{"@timestamp":"2025-12-29T23:12:03.8860542+05:30","@version":"1","message":"Running the evict task with compensationTime 0ms","logger_name":"com.netflix.eureka.registry.AbstractInstanceRegistry","thread_name":"Eureka-EvictionTimer","level":"INFO","level_value":20000}
{"@timestamp":"2025-12-29T23:13:03.8867303+05:30","@version":"1","message":"Running the evict task with compensationTime 0ms","logger_name":"com.netflix.eureka.registry.AbstractInstanceRegistry","thread_name":"Eureka-EvictionTimer","level":"INFO","level_value":20000}
{"@timestamp":"2025-12-29T23:14:03.8921442+05:30","@version":"1","message":"Running the evict task with compensationTime 4ms","logger_name":"com.netflix.eureka.registry.AbstractInstanceRegistry","thread_name":"Eureka-EvictionTimer","level":"INFO","level_value":20000}
{"@timestamp":"2025-12-29T23:15:03.899116+05:30","@version":"1","message":"Running the evict task with compensationTime 7ms","logger_name":"com.netflix.eureka.registry.AbstractInstanceRegistry","thread_name":"Eureka-EvictionTimer","level":"INFO","level_value":20000}
{"@timestamp":"2025-12-29T23:16:03.912339+05:30","@version":"1","message":"Running the evict task with compensationTime 12ms","logger_name":"com.netflix.eureka.registry.AbstractInstanceRegistry","thread_name":"Eureka-EvictionTimer","level":"INFO","level_value":20000}
{"@timestamp":"2025-12-29T23:17:03.9248386+05:30","@version":"1","message":"Running the evict task with compensationTime 12ms","logger_name":"com.netflix.eureka.registry.AbstractInstanceRegistry","thread_name":"Eureka-EvictionTimer","level":"INFO","level_value":20000}
{"@timestamp":"2025-12-29T23:18:03.9352792+05:30","@version":"1","message":"Running the evict task with compensationTime 10ms","logger_name":"com.netflix.eureka.registry.AbstractInstanceRegistry","thread_name":"Eureka-EvictionTimer","level":"INFO","level_value":20000}
{"@timestamp":"2025-12-29T23:19:02.3158988+05:30","@version":"1","message":"The replica size seems to be empty. Check the route 53 DNS Registry","logger_name":"com.netflix.eureka.cluster.PeerEurekaNodes","thread_name":"Eureka-PeerNodesUpdater","level":"WARN","level_value":30000}
{"@timestamp":"2025-12-29T23:19:02.3946384+05:30","@version":"1","message":"Current renewal threshold is : 0","logger_name":"com.netflix.eureka.registry.PeerAwareInstanceRegistryImpl","thread_name":"ReplicaAwareInstanceRegistry - RenewalThresholdUpdater","level":"INFO","level_value":20000}
{"@timestamp":"2025-12-29T23:19:03.935921+05:30","@version":"1","message":"Running the evict task with compensationTime 0ms","logger_name":"com.netflix.eureka.registry.AbstractInstanceRegistry","thread_name":"Eureka-EvictionTimer","level":"INFO","level_value":20000}
{"@timestamp":"2025-12-29T23:20:03.9381399+05:30","@version":"1","message":"Running the evict task with compensationTime 1ms","logger_name":"com.netflix.eureka.registry.AbstractInstanceRegistry","thread_name":"Eureka-EvictionTimer","level":"INFO","level_value":20000}
{"@timestamp":"2025-12-29T23:21:03.9421508+05:30","@version":"1","message":"Running the evict task with compensationTime 3ms","logger_name":"com.netflix.eureka.registry.AbstractInstanceRegistry","thread_name":"Eureka-EvictionTimer","level":"INFO","level_value":20000}
{"@timestamp":"2025-12-29T23:22:03.9559016+05:30","@version":"1","message":"Running the evict task with compensationTime 15ms","logger_name":"com.netflix.eureka.registry.AbstractInstanceRegistry","thread_name":"Eureka-EvictionTimer","level":"INFO","level_value":20000}
{"@timestamp":"2025-12-29T23:23:03.9582867+05:30","@version":"1","message":"Running the evict task with compensationTime 2ms","logger_name":"com.netflix.eureka.registry.AbstractInstanceRegistry","thread_name":"Eureka-EvictionTimer","level":"INFO","level_value":20000}
{"@timestamp":"2025-12-29T23:24:03.9687472+05:30","@version":"1","message":"Running the evict task with compensationTime 10ms","logger_name":"com.netflix.eureka.registry.AbstractInstanceRegistry","thread_name":"Eureka-EvictionTimer","level":"INFO","level_value":20000}
{"@timestamp":"2025-12-29T23:25:03.9828416+05:30","@version":"1","message":"Running the evict task with compensationTime 13ms","logger_name":"com.netflix.eureka.registry.AbstractInstanceRegistry","thread_name":"Eureka-EvictionTimer","level":"INFO","level_value":20000}
{"@timestamp":"2025-12-29T23:26:03.9926811+05:30","@version":"1","message":"Running the evict task with compensationTime 10ms","logger_name":"com.netflix.eureka.registry.AbstractInstanceRegistry","thread_name":"Eureka-EvictionTimer","level":"INFO","level_value":20000}
{"@timestamp":"2025-12-29T23:27:03.9922726+05:30","@version":"1","message":"Running the evict task with compensationTime 0ms","logger_name":"com.netflix.eureka.registry.AbstractInstanceRegistry","thread_name":"Eureka-EvictionTimer","level":"INFO","level_value":20000}
{"@timestamp":"2025-12-29T23:28:03.9935223+05:30","@version":"1","message":"Running the evict task with compensationTime 0ms","logger_name":"com.netflix.eureka.registry.AbstractInstanceRegistry","thread_name":"Eureka-EvictionTimer","level":"INFO","level_value":20000}
{"@timestamp":"2025-12-29T23:29:02.3330267+05:30","@version":"1","message":"The replica size seems to be empty. Check the route 53 DNS Registry","logger_name":"com.netflix.eureka.cluster.PeerEurekaNodes","thread_name":"Eureka-PeerNodesUpdater","level":"WARN","level_value":30000}
{"@timestamp":"2025-12-29T23:29:03.9991157+05:30","@version":"1","message":"Running the evict task with compensationTime 5ms","logger_name":"com.netflix.eureka.registry.AbstractInstanceRegistry","thread_name":"Eureka-EvictionTimer","level":"INFO","level_value":20000}
{"@timestamp":"2025-12-29T23:30:04.0145441+05:30","@version":"1","message":"Running the evict task with compensationTime 15ms","logger_name":"com.netflix.eureka.registry.AbstractInstanceRegistry","thread_name":"Eureka-EvictionTimer","level":"INFO","level_value":20000}
{"@timestamp":"2025-12-29T23:31:04.0285761+05:30","@version":"1","message":"Running the evict task with compensationTime 13ms","logger_name":"com.netflix.eureka.registry.AbstractInstanceRegistry","thread_name":"Eureka-EvictionTimer","level":"INFO","level_value":20000}
{"@timestamp":"2025-12-29T23:32:04.0310715+05:30","@version":"1","message":"Running the evict task with compensationTime 2ms","logger_name":"com.netflix.eureka.registry.AbstractInstanceRegistry","thread_name":"Eureka-EvictionTimer","level":"INFO","level_value":20000}
{"@timestamp":"2025-12-29T23:33:04.0354707+05:30","@version":"1","message":"Running the evict task with compensationTime 4ms","logger_name":"com.netflix.eureka.registry.AbstractInstanceRegistry","thread_name":"Eureka-EvictionTimer","level":"INFO","level_value":20000}
{"@timestamp":"2025-12-29T23:34:02.4021434+05:30","@version":"1","message":"Current renewal threshold is : 0","logger_name":"com.netflix.eureka.registry.PeerAwareInstanceRegistryImpl","thread_name":"ReplicaAwareInstanceRegistry - RenewalThresholdUpdater","level":"INFO","level_value":20000}
{"@timestamp":"2025-12-29T23:34:04.0418659+05:30","@version":"1","message":"Running the evict task with compensationTime 6ms","logger_name":"com.netflix.eureka.registry.AbstractInstanceRegistry","thread_name":"Eureka-EvictionTimer","level":"INFO","level_value":20000}
{"@timestamp":"2025-12-29T23:35:04.0523901+05:30","@version":"1","message":"Running the evict task with compensationTime 10ms","logger_name":"com.netflix.eureka.registry.AbstractInstanceRegistry","thread_name":"Eureka-EvictionTimer","level":"INFO","level_value":20000}
{"@timestamp":"2025-12-29T23:36:04.0668751+05:30","@version":"1","message":"Running the evict task with compensationTime 12ms","logger_name":"com.netflix.eureka.registry.AbstractInstanceRegistry","thread_name":"Eureka-EvictionTimer","level":"INFO","level_value":20000}
{"@timestamp":"2025-12-29T23:37:04.073144+05:30","@version":"1","message":"Running the evict task with compensationTime 8ms","logger_name":"com.netflix.eureka.registry.AbstractInstanceRegistry","thread_name":"Eureka-EvictionTimer","level":"INFO","level_value":20000}
{"@timestamp":"2025-12-29T23:38:04.0854584+05:30","@version":"1","message":"Running the evict task with compensationTime 12ms","logger_name":"com.netflix.eureka.registry.AbstractInstanceRegistry","thread_name":"Eureka-EvictionTimer","level":"INFO","level_value":20000}
{"@timestamp":"2025-12-29T23:56:13.5753815+05:30","@version":"1","message":"The replica size seems to be empty. Check the route 53 DNS Registry","logger_name":"com.netflix.eureka.cluster.PeerEurekaNodes","thread_name":"Eureka-PeerNodesUpdater","level":"WARN","level_value":30000}
{"@timestamp":"2025-12-29T23:56:15.3643138+05:30","@version":"1","message":"Running the evict task with compensationTime 1031273ms","logger_name":"com.netflix.eureka.registry.AbstractInstanceRegistry","thread_name":"Eureka-EvictionTimer","level":"INFO","level_value":20000}
{"@timestamp":"2025-12-29T23:57:15.3679663+05:30","@version":"1","message":"Running the evict task with compensationTime 8ms","logger_name":"com.netflix.eureka.registry.AbstractInstanceRegistry","thread_name":"Eureka-EvictionTimer","level":"INFO","level_value":20000}
{"@timestamp":"2025-12-29T23:58:15.3715398+05:30","@version":"1","message":"Running the evict task with compensationTime 3ms","logger_name":"com.netflix.eureka.registry.AbstractInstanceRegistry","thread_name":"Eureka-EvictionTimer","level":"INFO","level_value":20000}
{"@timestamp":"2025-12-29T23:59:15.3716403+05:30","@version":"1","message":"Running the evict task with compensationTime 0ms","logger_name":"com.netflix.eureka.registry.AbstractInstanceRegistry","thread_name":"Eureka-EvictionTimer","level":"INFO","level_value":20000}
